#
# There is insufficient memory for the Java Runtime Environment to continue.
# Native memory allocation (malloc) failed to allocate 1907856 bytes for Chunk::new
# Possible reasons:
#   The system is out of physical RAM or swap space
#   The process is running with CompressedOops enabled, and the Java Heap may be blocking the growth of the native heap
# Possible solutions:
#   Reduce memory load on the system
#   Increase physical memory or swap space
#   Check if swap backing store is full
#   Decrease Java heap size (-Xmx/-Xms)
#   Decrease number of Java threads
#   Decrease Java thread stack sizes (-Xss)
#   Set larger code cache with -XX:ReservedCodeCacheSize=
#   JVM is running with Unscaled Compressed Oops mode in which the Java heap is
#     placed in the first 4GB address space. The Java Heap base address is the
#     maximum limit for the native heap growth. Please use -XX:HeapBaseMinAddress
#     to set the Java Heap base and to place the Java Heap above 4GB virtual address.
# This output file may be truncated or incomplete.
#
#  Out of Memory Error (arena.cpp:195), pid=15732, tid=2552
#
# JRE version: Java(TM) SE Runtime Environment (16.0.1+9) (build 16.0.1+9-24)
# Java VM: Java HotSpot(TM) 64-Bit Server VM (16.0.1+9-24, mixed mode, sharing, tiered, compressed oops, compressed class ptrs, g1 gc, windows-amd64)
# No core dump will be written. Minidumps are not enabled by default on client versions of Windows
#

---------------  S U M M A R Y ------------

Command Line: --module-path=C:\javafx-sdk-16\lib --add-modules=javafx.controls -Dfile.encoding=UTF-8 -XX:+ShowCodeDetailsInExceptionMessages ShowImages

Host: Intel(R) Core(TM) i7-8565U CPU @ 1.80GHz, 8 cores, 7G,  Windows 10 , 64 bit Build 19041 (10.0.19041.1202)
Time: Sun Oct 31 17:35:06 2021  Windows 10 , 64 bit Build 19041 (10.0.19041.1202) elapsed time: 0.780584 seconds (0d 0h 0m 0s)

---------------  T H R E A D  ---------------

Current thread (0x0000020947eb4500):  JavaThread "C2 CompilerThread2" daemon [_thread_in_native, id=2552, stack(0x000000e74d400000,0x000000e74d500000)]


Current CompileTask:
C2:    780  946   !   4       com.sun.javafx.css.ParsedValueImpl::readBinary (688 bytes)

Stack: [0x000000e74d400000,0x000000e74d500000]
Native frames: (J=compiled Java code, j=interpreted, Vv=VM code, C=native code)
V  [jvm.dll+0x6687ca]
V  [jvm.dll+0x7ca3c9]
V  [jvm.dll+0x7cbb53]
V  [jvm.dll+0x7cc1b3]
V  [jvm.dll+0x242ea5]
V  [jvm.dll+0xadeca]
V  [jvm.dll+0xae5ac]
V  [jvm.dll+0x35af27]
V  [jvm.dll+0x1b9d3a]
V  [jvm.dll+0x216066]
V  [jvm.dll+0x215350]
V  [jvm.dll+0x1a1d9b]
V  [jvm.dll+0x2253a8]
V  [jvm.dll+0x2233ec]
V  [jvm.dll+0x780002]
V  [jvm.dll+0x779b4a]
V  [jvm.dll+0x667666]
C  [ucrtbase.dll+0x21bb2]
C  [KERNEL32.DLL+0x17034]
C  [ntdll.dll+0x52651]


---------------  P R O C E S S  ---------------

Threads class SMR info:
_java_thread_list=0x000002094827b7c0, length=19, elements={
0x000002092939bc00, 0x0000020947280b50, 0x0000020947281920, 0x0000020947290960,
0x0000020947293380, 0x00000209472961a0, 0x000002094729eac0, 0x00000209472a2c00,
0x00000209472a83c0, 0x00000209472b4930, 0x0000020947c5c500, 0x0000020947ca7840,
0x0000020947eb4500, 0x0000020947f57a90, 0x0000020947fc9d50, 0x00000209480ff400,
0x00000209481010d0, 0x000002094827d030, 0x00000209482b4700
}

Java Threads: ( => current thread )
  0x000002092939bc00 JavaThread "main" [_thread_blocked, id=7744, stack(0x000000e74c200000,0x000000e74c300000)]
  0x0000020947280b50 JavaThread "Reference Handler" daemon [_thread_blocked, id=9268, stack(0x000000e74c900000,0x000000e74ca00000)]
  0x0000020947281920 JavaThread "Finalizer" daemon [_thread_blocked, id=7224, stack(0x000000e74ca00000,0x000000e74cb00000)]
  0x0000020947290960 JavaThread "Signal Dispatcher" daemon [_thread_blocked, id=14496, stack(0x000000e74cb00000,0x000000e74cc00000)]
  0x0000020947293380 JavaThread "Attach Listener" daemon [_thread_blocked, id=1772, stack(0x000000e74cc00000,0x000000e74cd00000)]
  0x00000209472961a0 JavaThread "Service Thread" daemon [_thread_blocked, id=13400, stack(0x000000e74cd00000,0x000000e74ce00000)]
  0x000002094729eac0 JavaThread "Monitor Deflation Thread" daemon [_thread_blocked, id=1524, stack(0x000000e74ce00000,0x000000e74cf00000)]
  0x00000209472a2c00 JavaThread "C2 CompilerThread0" daemon [_thread_blocked, id=5608, stack(0x000000e74cf00000,0x000000e74d000000)]
  0x00000209472a83c0 JavaThread "C1 CompilerThread0" daemon [_thread_blocked, id=10912, stack(0x000000e74d000000,0x000000e74d100000)]
  0x00000209472b4930 JavaThread "Sweeper thread" daemon [_thread_blocked, id=6456, stack(0x000000e74d100000,0x000000e74d200000)]
  0x0000020947c5c500 JavaThread "Common-Cleaner" daemon [_thread_blocked, id=15320, stack(0x000000e74d200000,0x000000e74d300000)]
  0x0000020947ca7840 JavaThread "C2 CompilerThread1" daemon [_thread_blocked, id=8992, stack(0x000000e74d300000,0x000000e74d400000)]
=>0x0000020947eb4500 JavaThread "C2 CompilerThread2" daemon [_thread_in_native, id=2552, stack(0x000000e74d400000,0x000000e74d500000)]
  0x0000020947f57a90 JavaThread "Notification Thread" daemon [_thread_blocked, id=10936, stack(0x000000e74d500000,0x000000e74d600000)]
  0x0000020947fc9d50 JavaThread "QuantumRenderer-0" daemon [_thread_blocked, id=12344, stack(0x000000e74d700000,0x000000e74d800000)]
  0x00000209480ff400 JavaThread "InvokeLaterDispatcher" daemon [_thread_blocked, id=3784, stack(0x000000e74d800000,0x000000e74d900000)]
  0x00000209481010d0 JavaThread "JavaFX Application Thread" [_thread_in_native, id=14616, stack(0x000000e74d900000,0x000000e74da00000)]
  0x000002094827d030 JavaThread "JavaFX-Launcher" [_thread_blocked, id=12720, stack(0x000000e74de00000,0x000000e74df00000)]
  0x00000209482b4700 JavaThread "Thread-2" daemon [_thread_in_native, id=7220, stack(0x000000e74dd00000,0x000000e74de00000)]

Other Threads:
  0x000002094727cff0 VMThread "VM Thread" [stack: 0x000000e74c800000,0x000000e74c900000] [id=4300]
  0x000002092939cc00 WatcherThread [stack: 0x000000e74d600000,0x000000e74d700000] [id=1924]
  0x00000209293dbcd0 GCTaskThread "GC Thread#0" [stack: 0x000000e74c300000,0x000000e74c400000] [id=4944]
  0x000002094824dab0 GCTaskThread "GC Thread#1" [stack: 0x000000e74df00000,0x000000e74e000000] [id=12048]
  0x00000209482ebf30 GCTaskThread "GC Thread#2" [stack: 0x000000e74e000000,0x000000e74e100000] [id=8620]
  0x00000209482ec650 GCTaskThread "GC Thread#3" [stack: 0x000000e74e100000,0x000000e74e200000] [id=7688]
  0x000002094831b850 GCTaskThread "GC Thread#4" [stack: 0x000000e74e200000,0x000000e74e300000] [id=14772]
  0x000002094831bb60 GCTaskThread "GC Thread#5" [stack: 0x000000e74e300000,0x000000e74e400000] [id=15816]
  0x00000209293ede90 ConcurrentGCThread "G1 Main Marker" [stack: 0x000000e74c400000,0x000000e74c500000] [id=6732]
  0x00000209293ee890 ConcurrentGCThread "G1 Conc#0" [stack: 0x000000e74c500000,0x000000e74c600000] [id=6448]
  0x0000020929479cc0 ConcurrentGCThread "G1 Refine#0" [stack: 0x000000e74c600000,0x000000e74c700000] [id=376]
  0x000002092947b660 ConcurrentGCThread "G1 Service" [stack: 0x000000e74c700000,0x000000e74c800000] [id=12548]

Threads with active compile tasks:
C2 CompilerThread2      834  946   !   4       com.sun.javafx.css.ParsedValueImpl::readBinary (688 bytes)

VM state: not at safepoint (normal execution)

VM Mutex/Monitor currently owned by a thread: None

Heap address: 0x0000000083200000, size: 1998 MB, Compressed Oops mode: 32-bit

CDS archive(s) mapped at: [0x0000000800000000-0x0000000800bb0000-0x0000000800bb0000), size 12255232, SharedBaseAddress: 0x0000000800000000, ArchiveRelocationMode: 0.
Compressed class space mapped at: 0x0000000800c00000-0x0000000840c00000, reserved size: 1073741824
Narrow klass base: 0x0000000800000000, Narrow klass shift: 3, Narrow klass range: 0x100000000

GC Precious Log:
 CPUs: 8 total, 8 available
 Memory: 7986M
 Large Page Support: Disabled
 NUMA Support: Disabled
 Compressed Oops: Enabled (32-bit)
 Heap Region Size: 1M
 Heap Min Capacity: 8M
 Heap Initial Capacity: 126M
 Heap Max Capacity: 1998M
 Pre-touch: Disabled
 Parallel Workers: 8
 Concurrent Workers: 2
 Concurrent Refinement Workers: 8
 Periodic GC: Disabled

Heap:
 garbage-first heap   total 129024K, used 17810K [0x0000000083200000, 0x0000000100000000)
  region size 1024K, 15 young (15360K), 3 survivors (3072K)
 Metaspace       used 8038K, committed 8256K, reserved 1064960K
  class space    used 1087K, committed 1216K, reserved 1048576K

Heap Regions: E=young(eden), S=young(survivor), O=old, HS=humongous(starts), HC=humongous(continues), CS=collection set, F=free, OA=open archive, CA=closed archive, TAMS=top-at-mark-start (previous, next)
|   0|0x0000000083200000, 0x0000000083264a00, 0x0000000083300000| 39%| O|  |TAMS 0x0000000083200000, 0x0000000083200000| Untracked 
|   1|0x0000000083300000, 0x0000000083400000, 0x0000000083400000|100%|HS|  |TAMS 0x0000000083300000, 0x0000000083300000| Complete 
|   2|0x0000000083400000, 0x0000000083500000, 0x0000000083500000|100%|HS|  |TAMS 0x0000000083400000, 0x0000000083400000| Complete 
|   3|0x0000000083500000, 0x0000000083600000, 0x0000000083600000|100%|HS|  |TAMS 0x0000000083500000, 0x0000000083500000| Complete 
|   4|0x0000000083600000, 0x0000000083600000, 0x0000000083700000|  0%| F|  |TAMS 0x0000000083600000, 0x0000000083600000| Untracked 
|   5|0x0000000083700000, 0x0000000083700000, 0x0000000083800000|  0%| F|  |TAMS 0x0000000083700000, 0x0000000083700000| Untracked 
|   6|0x0000000083800000, 0x0000000083800000, 0x0000000083900000|  0%| F|  |TAMS 0x0000000083800000, 0x0000000083800000| Untracked 
|   7|0x0000000083900000, 0x0000000083900000, 0x0000000083a00000|  0%| F|  |TAMS 0x0000000083900000, 0x0000000083900000| Untracked 
|   8|0x0000000083a00000, 0x0000000083a00000, 0x0000000083b00000|  0%| F|  |TAMS 0x0000000083a00000, 0x0000000083a00000| Untracked 
|   9|0x0000000083b00000, 0x0000000083b00000, 0x0000000083c00000|  0%| F|  |TAMS 0x0000000083b00000, 0x0000000083b00000| Untracked 
|  10|0x0000000083c00000, 0x0000000083c00000, 0x0000000083d00000|  0%| F|  |TAMS 0x0000000083c00000, 0x0000000083c00000| Untracked 
|  11|0x0000000083d00000, 0x0000000083d00000, 0x0000000083e00000|  0%| F|  |TAMS 0x0000000083d00000, 0x0000000083d00000| Untracked 
|  12|0x0000000083e00000, 0x0000000083e00000, 0x0000000083f00000|  0%| F|  |TAMS 0x0000000083e00000, 0x0000000083e00000| Untracked 
|  13|0x0000000083f00000, 0x0000000083f00000, 0x0000000084000000|  0%| F|  |TAMS 0x0000000083f00000, 0x0000000083f00000| Untracked 
|  14|0x0000000084000000, 0x0000000084000000, 0x0000000084100000|  0%| F|  |TAMS 0x0000000084000000, 0x0000000084000000| Untracked 
|  15|0x0000000084100000, 0x0000000084100000, 0x0000000084200000|  0%| F|  |TAMS 0x0000000084100000, 0x0000000084100000| Untracked 
|  16|0x0000000084200000, 0x0000000084200000, 0x0000000084300000|  0%| F|  |TAMS 0x0000000084200000, 0x0000000084200000| Untracked 
|  17|0x0000000084300000, 0x0000000084300000, 0x0000000084400000|  0%| F|  |TAMS 0x0000000084300000, 0x0000000084300000| Untracked 
|  18|0x0000000084400000, 0x0000000084400000, 0x0000000084500000|  0%| F|  |TAMS 0x0000000084400000, 0x0000000084400000| Untracked 
|  19|0x0000000084500000, 0x0000000084500000, 0x0000000084600000|  0%| F|  |TAMS 0x0000000084500000, 0x0000000084500000| Untracked 
|  20|0x0000000084600000, 0x0000000084600000, 0x0000000084700000|  0%| F|  |TAMS 0x0000000084600000, 0x0000000084600000| Untracked 
|  21|0x0000000084700000, 0x0000000084700000, 0x0000000084800000|  0%| F|  |TAMS 0x0000000084700000, 0x0000000084700000| Untracked 
|  22|0x0000000084800000, 0x0000000084800000, 0x0000000084900000|  0%| F|  |TAMS 0x0000000084800000, 0x0000000084800000| Untracked 
|  23|0x0000000084900000, 0x0000000084900000, 0x0000000084a00000|  0%| F|  |TAMS 0x0000000084900000, 0x0000000084900000| Untracked 
|  24|0x0000000084a00000, 0x0000000084a00000, 0x0000000084b00000|  0%| F|  |TAMS 0x0000000084a00000, 0x0000000084a00000| Untracked 
|  25|0x0000000084b00000, 0x0000000084b00000, 0x0000000084c00000|  0%| F|  |TAMS 0x0000000084b00000, 0x0000000084b00000| Untracked 
|  26|0x0000000084c00000, 0x0000000084c00000, 0x0000000084d00000|  0%| F|  |TAMS 0x0000000084c00000, 0x0000000084c00000| Untracked 
|  27|0x0000000084d00000, 0x0000000084d00000, 0x0000000084e00000|  0%| F|  |TAMS 0x0000000084d00000, 0x0000000084d00000| Untracked 
|  28|0x0000000084e00000, 0x0000000084e00000, 0x0000000084f00000|  0%| F|  |TAMS 0x0000000084e00000, 0x0000000084e00000| Untracked 
|  29|0x0000000084f00000, 0x0000000084f00000, 0x0000000085000000|  0%| F|  |TAMS 0x0000000084f00000, 0x0000000084f00000| Untracked 
|  30|0x0000000085000000, 0x0000000085000000, 0x0000000085100000|  0%| F|  |TAMS 0x0000000085000000, 0x0000000085000000| Untracked 
|  31|0x0000000085100000, 0x0000000085100000, 0x0000000085200000|  0%| F|  |TAMS 0x0000000085100000, 0x0000000085100000| Untracked 
|  32|0x0000000085200000, 0x0000000085200000, 0x0000000085300000|  0%| F|  |TAMS 0x0000000085200000, 0x0000000085200000| Untracked 
|  33|0x0000000085300000, 0x0000000085300000, 0x0000000085400000|  0%| F|  |TAMS 0x0000000085300000, 0x0000000085300000| Untracked 
|  34|0x0000000085400000, 0x0000000085400000, 0x0000000085500000|  0%| F|  |TAMS 0x0000000085400000, 0x0000000085400000| Untracked 
|  35|0x0000000085500000, 0x0000000085500000, 0x0000000085600000|  0%| F|  |TAMS 0x0000000085500000, 0x0000000085500000| Untracked 
|  36|0x0000000085600000, 0x0000000085600000, 0x0000000085700000|  0%| F|  |TAMS 0x0000000085600000, 0x0000000085600000| Untracked 
|  37|0x0000000085700000, 0x0000000085700000, 0x0000000085800000|  0%| F|  |TAMS 0x0000000085700000, 0x0000000085700000| Untracked 
|  38|0x0000000085800000, 0x0000000085800000, 0x0000000085900000|  0%| F|  |TAMS 0x0000000085800000, 0x0000000085800000| Untracked 
|  39|0x0000000085900000, 0x0000000085900000, 0x0000000085a00000|  0%| F|  |TAMS 0x0000000085900000, 0x0000000085900000| Untracked 
|  40|0x0000000085a00000, 0x0000000085a00000, 0x0000000085b00000|  0%| F|  |TAMS 0x0000000085a00000, 0x0000000085a00000| Untracked 
|  41|0x0000000085b00000, 0x0000000085b00000, 0x0000000085c00000|  0%| F|  |TAMS 0x0000000085b00000, 0x0000000085b00000| Untracked 
|  42|0x0000000085c00000, 0x0000000085c00000, 0x0000000085d00000|  0%| F|  |TAMS 0x0000000085c00000, 0x0000000085c00000| Untracked 
|  43|0x0000000085d00000, 0x0000000085d00000, 0x0000000085e00000|  0%| F|  |TAMS 0x0000000085d00000, 0x0000000085d00000| Untracked 
|  44|0x0000000085e00000, 0x0000000085e00000, 0x0000000085f00000|  0%| F|  |TAMS 0x0000000085e00000, 0x0000000085e00000| Untracked 
|  45|0x0000000085f00000, 0x0000000085f00000, 0x0000000086000000|  0%| F|  |TAMS 0x0000000085f00000, 0x0000000085f00000| Untracked 
|  46|0x0000000086000000, 0x0000000086000000, 0x0000000086100000|  0%| F|  |TAMS 0x0000000086000000, 0x0000000086000000| Untracked 
|  47|0x0000000086100000, 0x0000000086100000, 0x0000000086200000|  0%| F|  |TAMS 0x0000000086100000, 0x0000000086100000| Untracked 
|  48|0x0000000086200000, 0x0000000086200000, 0x0000000086300000|  0%| F|  |TAMS 0x0000000086200000, 0x0000000086200000| Untracked 
|  49|0x0000000086300000, 0x0000000086300000, 0x0000000086400000|  0%| F|  |TAMS 0x0000000086300000, 0x0000000086300000| Untracked 
|  50|0x0000000086400000, 0x0000000086400000, 0x0000000086500000|  0%| F|  |TAMS 0x0000000086400000, 0x0000000086400000| Untracked 
|  51|0x0000000086500000, 0x0000000086500000, 0x0000000086600000|  0%| F|  |TAMS 0x0000000086500000, 0x0000000086500000| Untracked 
|  52|0x0000000086600000, 0x0000000086600000, 0x0000000086700000|  0%| F|  |TAMS 0x0000000086600000, 0x0000000086600000| Untracked 
|  53|0x0000000086700000, 0x0000000086700000, 0x0000000086800000|  0%| F|  |TAMS 0x0000000086700000, 0x0000000086700000| Untracked 
|  54|0x0000000086800000, 0x0000000086800000, 0x0000000086900000|  0%| F|  |TAMS 0x0000000086800000, 0x0000000086800000| Untracked 
|  55|0x0000000086900000, 0x0000000086900000, 0x0000000086a00000|  0%| F|  |TAMS 0x0000000086900000, 0x0000000086900000| Untracked 
|  56|0x0000000086a00000, 0x0000000086a00000, 0x0000000086b00000|  0%| F|  |TAMS 0x0000000086a00000, 0x0000000086a00000| Untracked 
|  57|0x0000000086b00000, 0x0000000086b00000, 0x0000000086c00000|  0%| F|  |TAMS 0x0000000086b00000, 0x0000000086b00000| Untracked 
|  58|0x0000000086c00000, 0x0000000086c00000, 0x0000000086d00000|  0%| F|  |TAMS 0x0000000086c00000, 0x0000000086c00000| Untracked 
|  59|0x0000000086d00000, 0x0000000086d00000, 0x0000000086e00000|  0%| F|  |TAMS 0x0000000086d00000, 0x0000000086d00000| Untracked 
|  60|0x0000000086e00000, 0x0000000086e00000, 0x0000000086f00000|  0%| F|  |TAMS 0x0000000086e00000, 0x0000000086e00000| Untracked 
|  61|0x0000000086f00000, 0x0000000086f00000, 0x0000000087000000|  0%| F|  |TAMS 0x0000000086f00000, 0x0000000086f00000| Untracked 
|  62|0x0000000087000000, 0x0000000087000000, 0x0000000087100000|  0%| F|  |TAMS 0x0000000087000000, 0x0000000087000000| Untracked 
|  63|0x0000000087100000, 0x0000000087100000, 0x0000000087200000|  0%| F|  |TAMS 0x0000000087100000, 0x0000000087100000| Untracked 
|  64|0x0000000087200000, 0x0000000087200000, 0x0000000087300000|  0%| F|  |TAMS 0x0000000087200000, 0x0000000087200000| Untracked 
|  65|0x0000000087300000, 0x0000000087300000, 0x0000000087400000|  0%| F|  |TAMS 0x0000000087300000, 0x0000000087300000| Untracked 
|  66|0x0000000087400000, 0x0000000087400000, 0x0000000087500000|  0%| F|  |TAMS 0x0000000087400000, 0x0000000087400000| Untracked 
|  67|0x0000000087500000, 0x0000000087500000, 0x0000000087600000|  0%| F|  |TAMS 0x0000000087500000, 0x0000000087500000| Untracked 
|  68|0x0000000087600000, 0x0000000087600000, 0x0000000087700000|  0%| F|  |TAMS 0x0000000087600000, 0x0000000087600000| Untracked 
|  69|0x0000000087700000, 0x0000000087700000, 0x0000000087800000|  0%| F|  |TAMS 0x0000000087700000, 0x0000000087700000| Untracked 
|  70|0x0000000087800000, 0x0000000087800000, 0x0000000087900000|  0%| F|  |TAMS 0x0000000087800000, 0x0000000087800000| Untracked 
|  71|0x0000000087900000, 0x0000000087900000, 0x0000000087a00000|  0%| F|  |TAMS 0x0000000087900000, 0x0000000087900000| Untracked 
|  72|0x0000000087a00000, 0x0000000087a00000, 0x0000000087b00000|  0%| F|  |TAMS 0x0000000087a00000, 0x0000000087a00000| Untracked 
|  73|0x0000000087b00000, 0x0000000087b00000, 0x0000000087c00000|  0%| F|  |TAMS 0x0000000087b00000, 0x0000000087b00000| Untracked 
|  74|0x0000000087c00000, 0x0000000087c00000, 0x0000000087d00000|  0%| F|  |TAMS 0x0000000087c00000, 0x0000000087c00000| Untracked 
|  75|0x0000000087d00000, 0x0000000087d00000, 0x0000000087e00000|  0%| F|  |TAMS 0x0000000087d00000, 0x0000000087d00000| Untracked 
|  76|0x0000000087e00000, 0x0000000087e00000, 0x0000000087f00000|  0%| F|  |TAMS 0x0000000087e00000, 0x0000000087e00000| Untracked 
|  77|0x0000000087f00000, 0x0000000087f00000, 0x0000000088000000|  0%| F|  |TAMS 0x0000000087f00000, 0x0000000087f00000| Untracked 
|  78|0x0000000088000000, 0x0000000088000000, 0x0000000088100000|  0%| F|  |TAMS 0x0000000088000000, 0x0000000088000000| Untracked 
|  79|0x0000000088100000, 0x0000000088100000, 0x0000000088200000|  0%| F|  |TAMS 0x0000000088100000, 0x0000000088100000| Untracked 
|  80|0x0000000088200000, 0x0000000088200000, 0x0000000088300000|  0%| F|  |TAMS 0x0000000088200000, 0x0000000088200000| Untracked 
|  81|0x0000000088300000, 0x0000000088300000, 0x0000000088400000|  0%| F|  |TAMS 0x0000000088300000, 0x0000000088300000| Untracked 
|  82|0x0000000088400000, 0x0000000088400000, 0x0000000088500000|  0%| F|  |TAMS 0x0000000088400000, 0x0000000088400000| Untracked 
|  83|0x0000000088500000, 0x0000000088500000, 0x0000000088600000|  0%| F|  |TAMS 0x0000000088500000, 0x0000000088500000| Untracked 
|  84|0x0000000088600000, 0x0000000088600000, 0x0000000088700000|  0%| F|  |TAMS 0x0000000088600000, 0x0000000088600000| Untracked 
|  85|0x0000000088700000, 0x0000000088700000, 0x0000000088800000|  0%| F|  |TAMS 0x0000000088700000, 0x0000000088700000| Untracked 
|  86|0x0000000088800000, 0x0000000088800000, 0x0000000088900000|  0%| F|  |TAMS 0x0000000088800000, 0x0000000088800000| Untracked 
|  87|0x0000000088900000, 0x0000000088900000, 0x0000000088a00000|  0%| F|  |TAMS 0x0000000088900000, 0x0000000088900000| Untracked 
|  88|0x0000000088a00000, 0x0000000088a00000, 0x0000000088b00000|  0%| F|  |TAMS 0x0000000088a00000, 0x0000000088a00000| Untracked 
|  89|0x0000000088b00000, 0x0000000088b00000, 0x0000000088c00000|  0%| F|  |TAMS 0x0000000088b00000, 0x0000000088b00000| Untracked 
|  90|0x0000000088c00000, 0x0000000088c00000, 0x0000000088d00000|  0%| F|  |TAMS 0x0000000088c00000, 0x0000000088c00000| Untracked 
|  91|0x0000000088d00000, 0x0000000088d00000, 0x0000000088e00000|  0%| F|  |TAMS 0x0000000088d00000, 0x0000000088d00000| Untracked 
|  92|0x0000000088e00000, 0x0000000088e00000, 0x0000000088f00000|  0%| F|  |TAMS 0x0000000088e00000, 0x0000000088e00000| Untracked 
|  93|0x0000000088f00000, 0x0000000088f00000, 0x0000000089000000|  0%| F|  |TAMS 0x0000000088f00000, 0x0000000088f00000| Untracked 
|  94|0x0000000089000000, 0x0000000089000000, 0x0000000089100000|  0%| F|  |TAMS 0x0000000089000000, 0x0000000089000000| Untracked 
|  95|0x0000000089100000, 0x0000000089100000, 0x0000000089200000|  0%| F|  |TAMS 0x0000000089100000, 0x0000000089100000| Untracked 
|  96|0x0000000089200000, 0x0000000089200000, 0x0000000089300000|  0%| F|  |TAMS 0x0000000089200000, 0x0000000089200000| Untracked 
|  97|0x0000000089300000, 0x0000000089300000, 0x0000000089400000|  0%| F|  |TAMS 0x0000000089300000, 0x0000000089300000| Untracked 
|  98|0x0000000089400000, 0x0000000089400000, 0x0000000089500000|  0%| F|  |TAMS 0x0000000089400000, 0x0000000089400000| Untracked 
|  99|0x0000000089500000, 0x0000000089500000, 0x0000000089600000|  0%| F|  |TAMS 0x0000000089500000, 0x0000000089500000| Untracked 
| 100|0x0000000089600000, 0x0000000089700000, 0x0000000089700000|100%| S|CS|TAMS 0x0000000089600000, 0x0000000089600000| Complete 
| 101|0x0000000089700000, 0x0000000089800000, 0x0000000089800000|100%| S|CS|TAMS 0x0000000089700000, 0x0000000089700000| Complete 
| 102|0x0000000089800000, 0x0000000089900000, 0x0000000089900000|100%| S|CS|TAMS 0x0000000089800000, 0x0000000089800000| Complete 
| 103|0x0000000089900000, 0x0000000089900000, 0x0000000089a00000|  0%| F|  |TAMS 0x0000000089900000, 0x0000000089900000| Untracked 
| 104|0x0000000089a00000, 0x0000000089a00000, 0x0000000089b00000|  0%| F|  |TAMS 0x0000000089a00000, 0x0000000089a00000| Untracked 
| 105|0x0000000089b00000, 0x0000000089b00000, 0x0000000089c00000|  0%| F|  |TAMS 0x0000000089b00000, 0x0000000089b00000| Untracked 
| 106|0x0000000089c00000, 0x0000000089c00000, 0x0000000089d00000|  0%| F|  |TAMS 0x0000000089c00000, 0x0000000089c00000| Untracked 
| 107|0x0000000089d00000, 0x0000000089d00000, 0x0000000089e00000|  0%| F|  |TAMS 0x0000000089d00000, 0x0000000089d00000| Untracked 
| 108|0x0000000089e00000, 0x0000000089e00000, 0x0000000089f00000|  0%| F|  |TAMS 0x0000000089e00000, 0x0000000089e00000| Untracked 
| 109|0x0000000089f00000, 0x0000000089f00000, 0x000000008a000000|  0%| F|  |TAMS 0x0000000089f00000, 0x0000000089f00000| Untracked 
| 110|0x000000008a000000, 0x000000008a000000, 0x000000008a100000|  0%| F|  |TAMS 0x000000008a000000, 0x000000008a000000| Untracked 
| 111|0x000000008a100000, 0x000000008a100000, 0x000000008a200000|  0%| F|  |TAMS 0x000000008a100000, 0x000000008a100000| Untracked 
| 112|0x000000008a200000, 0x000000008a200000, 0x000000008a300000|  0%| F|  |TAMS 0x000000008a200000, 0x000000008a200000| Untracked 
| 113|0x000000008a300000, 0x000000008a300000, 0x000000008a400000|  0%| F|  |TAMS 0x000000008a300000, 0x000000008a300000| Untracked 
| 114|0x000000008a400000, 0x000000008a500000, 0x000000008a500000|100%| E|  |TAMS 0x000000008a400000, 0x000000008a400000| Complete 
| 115|0x000000008a500000, 0x000000008a600000, 0x000000008a600000|100%| E|CS|TAMS 0x000000008a500000, 0x000000008a500000| Complete 
| 116|0x000000008a600000, 0x000000008a700000, 0x000000008a700000|100%| E|CS|TAMS 0x000000008a600000, 0x000000008a600000| Complete 
| 117|0x000000008a700000, 0x000000008a800000, 0x000000008a800000|100%| E|CS|TAMS 0x000000008a700000, 0x000000008a700000| Complete 
| 118|0x000000008a800000, 0x000000008a900000, 0x000000008a900000|100%| E|CS|TAMS 0x000000008a800000, 0x000000008a800000| Complete 
| 119|0x000000008a900000, 0x000000008aa00000, 0x000000008aa00000|100%| E|CS|TAMS 0x000000008a900000, 0x000000008a900000| Complete 
| 120|0x000000008aa00000, 0x000000008ab00000, 0x000000008ab00000|100%| E|CS|TAMS 0x000000008aa00000, 0x000000008aa00000| Complete 
| 121|0x000000008ab00000, 0x000000008ac00000, 0x000000008ac00000|100%| E|CS|TAMS 0x000000008ab00000, 0x000000008ab00000| Complete 
| 122|0x000000008ac00000, 0x000000008ad00000, 0x000000008ad00000|100%| E|CS|TAMS 0x000000008ac00000, 0x000000008ac00000| Complete 
| 123|0x000000008ad00000, 0x000000008ae00000, 0x000000008ae00000|100%| E|CS|TAMS 0x000000008ad00000, 0x000000008ad00000| Complete 
| 124|0x000000008ae00000, 0x000000008af00000, 0x000000008af00000|100%| E|CS|TAMS 0x000000008ae00000, 0x000000008ae00000| Complete 
| 125|0x000000008af00000, 0x000000008b000000, 0x000000008b000000|100%| E|CS|TAMS 0x000000008af00000, 0x000000008af00000| Complete 

Card table byte_map: [0x0000020940250000,0x0000020940640000] _byte_map_base: 0x000002093fe37000

Marking Bits (Prev, Next): (CMBitMap*) 0x00000209293dd2e0, (CMBitMap*) 0x00000209293dd320
 Prev Bits: [0x0000020940a30000, 0x0000020942968000)
 Next Bits: [0x0000020942970000, 0x00000209448a8000)

Polling page: 0x0000020927260000

Metaspace:

Usage:
  Non-class:      6.79 MB used.
      Class:      1.06 MB used.
       Both:      7.85 MB used.

Virtual space:
  Non-class space:       16.00 MB reserved,       6.88 MB ( 43%) committed,  2 nodes.
      Class space:        1.00 GB reserved,       1.19 MB ( <1%) committed,  1 nodes.
              Both:        1.02 GB reserved,       8.06 MB ( <1%) committed. 

Chunk freelists:
   Non-Class:  2.91 MB
       Class:  2.80 MB
        Both:  5.70 MB

MaxMetaspaceSize: 17179869184.00 GB
CompressedClassSpaceSize: 1.00 GB
 - commit_granule_bytes: 65536.
 - commit_granule_words: 8192.
 - virtual_space_node_default_size: 1048576.
 - enlarge_chunks_in_place: 1.
 - new_chunks_are_fully_committed: 0.
 - uncommit_free_chunks: 1.
 - use_allocation_guard: 0.
 - handle_deallocations: 1.


Internal statistics:

num_allocs_failed_limit: 0.
num_arena_births: 96.
num_arena_deaths: 0.
num_vsnodes_births: 3.
num_vsnodes_deaths: 0.
num_space_committed: 129.
num_space_uncommitted: 0.
num_chunks_returned_to_freelist: 0.
num_chunks_taken_from_freelist: 353.
num_chunk_merges: 0.
num_chunk_splits: 252.
num_chunks_enlarged: 207.
num_purges: 0.

CodeHeap 'non-profiled nmethods': size=120000Kb used=399Kb max_used=399Kb free=119600Kb
 bounds [0x00000209385f0000, 0x0000020938860000, 0x000002093fb20000]
CodeHeap 'profiled nmethods': size=120000Kb used=1738Kb max_used=1738Kb free=118261Kb
 bounds [0x00000209310c0000, 0x0000020931330000, 0x00000209385f0000]
CodeHeap 'non-nmethods': size=5760Kb used=1330Kb max_used=1333Kb free=4429Kb
 bounds [0x0000020930b20000, 0x0000020930d90000, 0x00000209310c0000]
 total_blobs=1788 nmethods=1122 adapters=579
 compilation: enabled
              stopped_count=0, restarted_count=0
 full_count=0

Compilation events (20 events):
Event: 0.745 Thread 0x00000209472a83c0 nmethod 1098 0x000002093864ee10 code [0x000002093864efa0, 0x000002093864f078]
Event: 0.746 Thread 0x00000209472a83c0 1099       3       javafx.scene.Node::getParent (22 bytes)
Event: 0.746 Thread 0x00000209472a83c0 nmethod 1099 0x0000020931267590 code [0x0000020931267760, 0x0000020931267c08]
Event: 0.747 Thread 0x00000209472a83c0 1100       3       sun.invoke.util.VerifyAccess::getClassModifiers (24 bytes)
Event: 0.747 Thread 0x00000209472a83c0 nmethod 1100 0x0000020931267d10 code [0x0000020931267ee0, 0x0000020931268128]
Event: 0.751 Thread 0x00000209472a2c00 nmethod 1092 0x000002093864f110 code [0x000002093864f320, 0x0000020938650210]
Event: 0.753 Thread 0x00000209472a2c00 1101       4       java.lang.StringLatin1::newString (24 bytes)
Event: 0.753 Thread 0x00000209472a83c0 1102       3       java.lang.invoke.MethodHandleNatives::refKindIsMethod (19 bytes)
Event: 0.754 Thread 0x00000209472a83c0 nmethod 1102 0x0000020931268210 code [0x00000209312683c0, 0x0000020931268618]
Event: 0.754 Thread 0x00000209472a83c0 1103       3       java.lang.invoke.MethodHandles$Lookup::<init> (84 bytes)
Event: 0.754 Thread 0x00000209472a83c0 nmethod 1103 0x0000020931268710 code [0x00000209312688c0, 0x0000020931268af8]
Event: 0.754 Thread 0x00000209472a83c0 1104       3       java.lang.invoke.MethodHandles$Lookup::isClassAccessible (36 bytes)
Event: 0.754 Thread 0x00000209472a83c0 nmethod 1104 0x0000020931268b90 code [0x0000020931268d60, 0x0000020931269158]
Event: 0.756 Thread 0x00000209472a2c00 nmethod 1101 0x0000020938650a10 code [0x0000020938650ba0, 0x0000020938650f98]
Event: 0.757 Thread 0x00000209472a83c0 1105       3       java.util.Properties::loadConvert (544 bytes)
Event: 0.757 Thread 0x0000020947ca7840 1106       4       java.util.HashMap::getNode (150 bytes)
Event: 0.758 Thread 0x00000209472a83c0 nmethod 1105 0x0000020931269290 code [0x0000020931269580, 0x000002093126a9b8]
Event: 0.759 Thread 0x00000209472a83c0 1107       3       jdk.internal.loader.NativeLibraries$NativeLibraryImpl::find (6 bytes)
Event: 0.759 Thread 0x00000209472a83c0 nmethod 1107 0x000002093126b010 code [0x000002093126b1c0, 0x000002093126b2e8]
Event: 0.764 Thread 0x0000020947ca7840 nmethod 1106 0x0000020938651610 code [0x0000020938651800, 0x0000020938651fa8]

GC Heap History (2 events):
Event: 0.506 GC heap before
{Heap before GC invocations=0 (full 0):
 garbage-first heap   total 129024K, used 22528K [0x0000000083200000, 0x0000000100000000)
  region size 1024K, 23 young (23552K), 0 survivors (0K)
 Metaspace       used 5157K, committed 5376K, reserved 1056768K
  class space    used 600K, committed 704K, reserved 1048576K
}
Event: 0.511 GC heap after
{Heap after GC invocations=1 (full 0):
 garbage-first heap   total 129024K, used 3474K [0x0000000083200000, 0x0000000100000000)
  region size 1024K, 3 young (3072K), 3 survivors (3072K)
 Metaspace       used 5157K, committed 5376K, reserved 1056768K
  class space    used 600K, committed 704K, reserved 1048576K
}

Deoptimization events (20 events):
Event: 0.675 Thread 0x00000209481010d0 DEOPT PACKING pc=0x000002093124b976 sp=0x000000e74d9fddb0
Event: 0.675 Thread 0x00000209481010d0 DEOPT UNPACKING pc=0x0000020930b6dece sp=0x000000e74d9fd238 mode 0
Event: 0.675 Thread 0x00000209481010d0 DEOPT PACKING pc=0x000002093124b976 sp=0x000000e74d9fddb0
Event: 0.675 Thread 0x00000209481010d0 DEOPT UNPACKING pc=0x0000020930b6dece sp=0x000000e74d9fd238 mode 0
Event: 0.675 Thread 0x00000209481010d0 DEOPT PACKING pc=0x000002093124b976 sp=0x000000e74d9fddb0
Event: 0.675 Thread 0x00000209481010d0 DEOPT UNPACKING pc=0x0000020930b6dece sp=0x000000e74d9fd238 mode 0
Event: 0.675 Thread 0x00000209481010d0 DEOPT PACKING pc=0x000002093124b976 sp=0x000000e74d9fddb0
Event: 0.675 Thread 0x00000209481010d0 DEOPT UNPACKING pc=0x0000020930b6dece sp=0x000000e74d9fd238 mode 0
Event: 0.676 Thread 0x00000209481010d0 DEOPT PACKING pc=0x000002093124bf43 sp=0x000000e74d9fddb0
Event: 0.676 Thread 0x00000209481010d0 DEOPT UNPACKING pc=0x0000020930b6dece sp=0x000000e74d9fd240 mode 0
Event: 0.710 Thread 0x00000209481010d0 Uncommon trap: trap_request=0xffffff45 fr.pc=0x0000020938606200 relative=0x0000000000000160
Event: 0.710 Thread 0x00000209481010d0 Uncommon trap: reason=unstable_if action=reinterpret pc=0x0000020938606200 method=java.lang.StringLatin1.canEncode(I)Z @ 4 c2
Event: 0.710 Thread 0x00000209481010d0 DEOPT PACKING pc=0x0000020938606200 sp=0x000000e74d9fb810
Event: 0.710 Thread 0x00000209481010d0 DEOPT UNPACKING pc=0x0000020930b6d72e sp=0x000000e74d9fb740 mode 2
Event: 0.710 Thread 0x00000209481010d0 Uncommon trap: trap_request=0xffffff45 fr.pc=0x000002093860ee38 relative=0x0000000000000038
Event: 0.710 Thread 0x00000209481010d0 Uncommon trap: reason=unstable_if action=reinterpret pc=0x000002093860ee38 method=java.lang.StringLatin1.canEncode(I)Z @ 4 c2
Event: 0.710 Thread 0x00000209481010d0 DEOPT PACKING pc=0x000002093860ee38 sp=0x000000e74d9fb7a0
Event: 0.710 Thread 0x00000209481010d0 DEOPT UNPACKING pc=0x0000020930b6d72e sp=0x000000e74d9fb730 mode 2
Event: 0.734 Thread 0x00000209481010d0 DEOPT PACKING pc=0x00000209310c7751 sp=0x000000e74d9f96e0
Event: 0.734 Thread 0x00000209481010d0 DEOPT UNPACKING pc=0x0000020930b6dece sp=0x000000e74d9f8b58 mode 0

Classes unloaded (0 events):
No events

Classes redefined (0 events):
No events

Internal exceptions (18 events):
Event: 0.069 Thread 0x000002092939bc00 Exception <a 'sun/nio/fs/WindowsException'{0x000000008ae61870}> (0x000000008ae61870) 
thrown [t:\workspace\open\src\hotspot\share\prims\jni.cpp, line 579]
Event: 0.069 Thread 0x000002092939bc00 Exception <a 'sun/nio/fs/WindowsException'{0x000000008ae61c80}> (0x000000008ae61c80) 
thrown [t:\workspace\open\src\hotspot\share\prims\jni.cpp, line 579]
Event: 0.181 Thread 0x000002092939bc00 Exception <a 'java/lang/NoSuchMethodError'{0x000000008a720370}: 'java.lang.Object java.lang.invoke.DirectMethodHandle$Holder.invokeStatic(java.lang.Object)'> (0x000000008a720370) 
thrown [t:\workspace\open\src\hotspot\share\interpreter\linkResolver.cpp, line 790]
Event: 0.182 Thread 0x000002092939bc00 Exception <a 'java/lang/NoSuchMethodError'{0x000000008a723c80}: 'java.lang.Object java.lang.invoke.DirectMethodHandle$Holder.invokeStaticInit(java.lang.Object)'> (0x000000008a723c80) 
thrown [t:\workspace\open\src\hotspot\share\interpreter\linkResolver.cpp, line 790]
Event: 0.183 Thread 0x000002092939bc00 Exception <a 'java/lang/NoSuchMethodError'{0x000000008a72a2c8}: 'void java.lang.invoke.DirectMethodHandle$Holder.invokeStatic(java.lang.Object, java.lang.Object)'> (0x000000008a72a2c8) 
thrown [t:\workspace\open\src\hotspot\share\interpreter\linkResolver.cpp, line 790]
Event: 0.304 Thread 0x000002092939bc00 Exception <a 'java/lang/NoSuchMethodError'{0x000000008a423878}: 'void java.lang.invoke.DirectMethodHandle$Holder.invokeSpecial(java.lang.Object, java.lang.Object, java.lang.Object)'> (0x000000008a423878) 
thrown [t:\workspace\open\src\hotspot\share\interpreter\linkResolver.cpp, line 790]
Event: 0.314 Thread 0x000002092939bc00 Exception <a 'java/lang/NoSuchMethodError'{0x000000008a45e1e0}: 'void java.lang.invoke.DirectMethodHandle$Holder.invokeStatic(java.lang.Object, java.lang.Object, java.lang.Object)'> (0x000000008a45e1e0) 
thrown [t:\workspace\open\src\hotspot\share\interpreter\linkResolver.cpp, line 790]
Event: 0.333 Thread 0x000002092939bc00 Exception <a 'java/lang/NoSuchMethodError'{0x000000008a4f1888}: 'int java.lang.invoke.DirectMethodHandle$Holder.invokeStaticInit(java.lang.Object, java.lang.Object, java.lang.Object)'> (0x000000008a4f1888) 
thrown [t:\workspace\open\src\hotspot\share\interpreter\linkResolver.cpp, line 790]
Event: 0.349 Thread 0x000002092939bc00 Exception <a 'java/lang/NoSuchMethodError'{0x000000008a3aa0b0}: 'java.lang.Object java.lang.invoke.DirectMethodHandle$Holder.newInvokeSpecial(java.lang.Object, java.lang.Object, int, java.lang.Object)'> (0x000000008a3aa0b0) 
thrown [t:\workspace\open\src\hotspot\share\interpreter\linkResolver.cpp, line 790]
Event: 0.350 Thread 0x000002092939bc00 Exception <a 'java/lang/NoSuchMethodError'{0x000000008a3ae5a8}: 'java.lang.Object java.lang.invoke.DirectMethodHandle$Holder.invokeSpecial(java.lang.Object, java.lang.Object, java.lang.Object, int, java.lang.Object)'> (0x000000008a3ae5a8) 
thrown [t:\workspace\open\src\hotspot\share\interpreter\linkResolver.cpp, line 790]
Event: 0.407 Thread 0x00000209481010d0 Exception <a 'java/lang/NoSuchMethodError'{0x000000008a02a4e8}: 'void java.lang.invoke.DirectMethodHandle$Holder.invokeStaticInit(java.lang.Object)'> (0x000000008a02a4e8) 
thrown [t:\workspace\open\src\hotspot\share\interpreter\linkResolver.cpp, line 790]
Event: 0.410 Thread 0x000002092939bc00 Exception <a 'java/lang/NoSuchMethodError'{0x000000008a3c4390}: 'java.lang.Object java.lang.invoke.DirectMethodHandle$Holder.newInvokeSpecial(java.lang.Object, java.lang.Object, java.lang.Object, java.lang.Object, java.lang.Object, java.lang.Object)'> (0x000000008a3c4390) 
thrown [t:\workspace\open\src\hotspot\share\interpreter\linkResolver.cpp, line 790]
Event: 0.421 Thread 0x000002092939bc00 Exception <a 'java/lang/NoSuchMethodError'{0x0000000089f04880}: 'java.lang.Object java.lang.invoke.DirectMethodHandle$Holder.newInvokeSpecial(java.lang.Object, java.lang.Object, java.lang.Object, java.lang.Object, java.lang.Object)'> (0x0000000089f04880) 
thrown [t:\workspace\open\src\hotspot\share\interpreter\linkResolver.cpp, line 790]
Event: 0.422 Thread 0x000002094827d030 Exception <a 'java/lang/NoSuchMethodError'{0x0000000089f7a1e0}: 'void java.lang.invoke.DirectMethodHandle$Holder.invokeStatic(java.lang.Object, java.lang.Object, java.lang.Object, java.lang.Object)'> (0x0000000089f7a1e0) 
thrown [t:\workspace\open\src\hotspot\share\interpreter\linkResolver.cpp, line 790]
Event: 0.455 Thread 0x00000209481010d0 Exception <a 'java/lang/NoSuchMethodError'{0x0000000089cae3b8}: 'java.lang.Object java.lang.invoke.DirectMethodHandle$Holder.invokeStaticInit(java.lang.Object, java.lang.Object, java.lang.Object, java.lang.Object)'> (0x0000000089cae3b8) 
thrown [t:\workspace\open\src\hotspot\share\interpreter\linkResolver.cpp, line 790]
Event: 0.456 Thread 0x00000209481010d0 Exception <a 'java/lang/NullPointerException'{0x0000000089cba5a8}> (0x0000000089cba5a8) 
thrown [t:\workspace\open\src\hotspot\share\interpreter\linkResolver.cpp, line 1385]
Event: 0.473 Thread 0x00000209481010d0 Exception <a 'java/lang/NoSuchMethodError'{0x0000000089bc90c8}: 'void java.lang.invoke.DirectMethodHandle$Holder.invokeSpecial(java.lang.Object, java.lang.Object, java.lang.Object, java.lang.Object, java.lang.Object)'> (0x0000000089bc90c8) 
thrown [t:\workspace\open\src\hotspot\share\interpreter\linkResolver.cpp, line 790]
Event: 0.562 Thread 0x00000209481010d0 Exception <a 'java/lang/NoSuchMethodError'{0x000000008ada8b80}: 'void java.lang.invoke.DirectMethodHandle$Holder.invokeStaticInit(java.lang.Object, java.lang.Object)'> (0x000000008ada8b80) 
thrown [t:\workspace\open\src\hotspot\share\interpreter\linkResolver.cpp, line 790]

Events (20 events):
Event: 0.729 Executing  VM operation: HandshakeAllThreads
Event: 0.729 Executing  VM operation: HandshakeAllThreads done
Event: 0.746 loading class java/lang/System$Logger$Level
Event: 0.746 loading class java/lang/System$Logger$Level done
Event: 0.754 loading class java/util/ResourceBundle$CacheKey
Event: 0.754 loading class java/util/ResourceBundle$CacheKey done
Event: 0.754 loading class java/util/ResourceBundle$KeyElementReference
Event: 0.754 loading class java/util/ResourceBundle$CacheKeyReference
Event: 0.754 loading class java/util/ResourceBundle$CacheKeyReference done
Event: 0.754 loading class java/util/ResourceBundle$KeyElementReference done
Event: 0.755 loading class java/util/ResourceBundle$3
Event: 0.755 loading class java/util/ResourceBundle$3 done
Event: 0.756 loading class java/util/PropertyResourceBundle
Event: 0.756 loading class java/util/PropertyResourceBundle done
Event: 0.756 loading class sun/util/PropertyResourceBundleCharset
Event: 0.756 loading class sun/util/PropertyResourceBundleCharset done
Event: 0.756 loading class sun/util/PropertyResourceBundleCharset$PropertiesFileDecoder
Event: 0.756 loading class sun/util/PropertyResourceBundleCharset$PropertiesFileDecoder done
Event: 0.756 loading class java/util/ResourceBundle$BundleReference
Event: 0.756 loading class java/util/ResourceBundle$BundleReference done


Dynamic libraries:
0x00007ff6e65b0000 - 0x00007ff6e65c0000 	C:\Program Files\Java\jdk-16.0.1\bin\javaw.exe
0x00007ff85e390000 - 0x00007ff85e585000 	C:\WINDOWS\SYSTEM32\ntdll.dll
0x00007ff85cc60000 - 0x00007ff85cd1e000 	C:\WINDOWS\System32\KERNEL32.DLL
0x00007ff85bea0000 - 0x00007ff85c169000 	C:\WINDOWS\System32\KERNELBASE.dll
0x00007ff85bbf0000 - 0x00007ff85bcf0000 	C:\WINDOWS\System32\ucrtbase.dll
0x00007ff8461c0000 - 0x00007ff8461d9000 	C:\Program Files\Java\jdk-16.0.1\bin\VCRUNTIME140.dll
0x00007ff8571d0000 - 0x00007ff8571e8000 	C:\Program Files\Java\jdk-16.0.1\bin\jli.dll
0x00007ff85dbd0000 - 0x00007ff85dc7c000 	C:\WINDOWS\System32\ADVAPI32.dll
0x00007ff85d030000 - 0x00007ff85d0ce000 	C:\WINDOWS\System32\msvcrt.dll
0x00007ff85cbc0000 - 0x00007ff85cc5b000 	C:\WINDOWS\System32\sechost.dll
0x00007ff85cdf0000 - 0x00007ff85cf1a000 	C:\WINDOWS\System32\RPCRT4.dll
0x00007ff85e100000 - 0x00007ff85e2a1000 	C:\WINDOWS\System32\USER32.dll
0x00007ff85bab0000 - 0x00007ff85bad2000 	C:\WINDOWS\System32\win32u.dll
0x00007ff85e2b0000 - 0x00007ff85e2db000 	C:\WINDOWS\System32\GDI32.dll
0x00007ff831c80000 - 0x00007ff831f1a000 	C:\WINDOWS\WinSxS\amd64_microsoft.windows.common-controls_6595b64144ccf1df_6.0.19041.1110_none_60b5254171f9507e\COMCTL32.dll
0x00007ff85bae0000 - 0x00007ff85bbeb000 	C:\WINDOWS\System32\gdi32full.dll
0x00007ff85bda0000 - 0x00007ff85be3d000 	C:\WINDOWS\System32\msvcp_win.dll
0x00007ff855250000 - 0x00007ff85525a000 	C:\WINDOWS\SYSTEM32\VERSION.dll
0x00007ff85d290000 - 0x00007ff85d2c0000 	C:\WINDOWS\System32\IMM32.DLL
0x00007ff857220000 - 0x00007ff85722c000 	C:\Program Files\Java\jdk-16.0.1\bin\vcruntime140_1.dll
0x00007ff8277a0000 - 0x00007ff827831000 	C:\Program Files\Java\jdk-16.0.1\bin\msvcp140.dll
0x00007fffe0430000 - 0x00007fffe0fdb000 	C:\Program Files\Java\jdk-16.0.1\bin\server\jvm.dll
0x00007ff85d1c0000 - 0x00007ff85d1c8000 	C:\WINDOWS\System32\PSAPI.DLL
0x00007ff84b850000 - 0x00007ff84b859000 	C:\WINDOWS\SYSTEM32\WSOCK32.dll
0x00007ff843d80000 - 0x00007ff843da7000 	C:\WINDOWS\SYSTEM32\WINMM.dll
0x00007ff85e2e0000 - 0x00007ff85e34b000 	C:\WINDOWS\System32\WS2_32.dll
0x00007ff85a330000 - 0x00007ff85a342000 	C:\WINDOWS\SYSTEM32\kernel.appcore.dll
0x00007ff811770000 - 0x00007ff81177a000 	C:\Program Files\Java\jdk-16.0.1\bin\jimage.dll
0x00007ff859950000 - 0x00007ff859b34000 	C:\WINDOWS\SYSTEM32\DBGHELP.DLL
0x00007ff84de70000 - 0x00007ff84de9c000 	C:\WINDOWS\SYSTEM32\dbgcore.DLL
0x00007ff85c170000 - 0x00007ff85c1f3000 	C:\WINDOWS\System32\bcryptPrimitives.dll
0x00007fffe5b80000 - 0x00007fffe5ba5000 	C:\Program Files\Java\jdk-16.0.1\bin\java.dll
0x00007ff85d3e0000 - 0x00007ff85db1f000 	C:\WINDOWS\System32\SHELL32.dll
0x00007ff859b90000 - 0x00007ff85a320000 	C:\WINDOWS\SYSTEM32\windows.storage.dll
0x00007ff85dda0000 - 0x00007ff85e0f5000 	C:\WINDOWS\System32\combase.dll
0x00007ff85b430000 - 0x00007ff85b45c000 	C:\WINDOWS\SYSTEM32\Wldp.dll
0x00007ff85db20000 - 0x00007ff85dbcd000 	C:\WINDOWS\System32\SHCORE.dll
0x00007ff85d1d0000 - 0x00007ff85d225000 	C:\WINDOWS\System32\shlwapi.dll
0x00007ff85b9f0000 - 0x00007ff85ba0f000 	C:\WINDOWS\SYSTEM32\profapi.dll
0x00007ff857250000 - 0x00007ff857269000 	C:\Program Files\Java\jdk-16.0.1\bin\net.dll
0x00007ff84d700000 - 0x00007ff84d808000 	C:\WINDOWS\SYSTEM32\WINHTTP.dll
0x00007ff85b190000 - 0x00007ff85b1fa000 	C:\WINDOWS\system32\mswsock.dll
0x00007ff8571a0000 - 0x00007ff8571b3000 	C:\Program Files\Java\jdk-16.0.1\bin\nio.dll
0x00007ff848660000 - 0x00007ff848678000 	C:\Program Files\Java\jdk-16.0.1\bin\zip.dll
0x0000020927530000 - 0x0000020927533000 	C:\javafx-sdk-16\bin\api-ms-win-core-console-l1-1-0.dll
0x0000020927540000 - 0x0000020927543000 	C:\javafx-sdk-16\bin\api-ms-win-core-console-l1-2-0.dll
0x0000020927550000 - 0x0000020927553000 	C:\javafx-sdk-16\bin\api-ms-win-core-datetime-l1-1-0.dll
0x0000020929350000 - 0x0000020929353000 	C:\javafx-sdk-16\bin\api-ms-win-core-debug-l1-1-0.dll
0x0000020929360000 - 0x0000020929363000 	C:\javafx-sdk-16\bin\api-ms-win-core-errorhandling-l1-1-0.dll
0x0000020929370000 - 0x0000020929374000 	C:\javafx-sdk-16\bin\api-ms-win-core-file-l1-1-0.dll
0x00000209473c0000 - 0x00000209473c3000 	C:\javafx-sdk-16\bin\api-ms-win-core-file-l1-2-0.dll
0x00000209473d0000 - 0x00000209473d3000 	C:\javafx-sdk-16\bin\api-ms-win-core-file-l2-1-0.dll
0x00000209473e0000 - 0x00000209473e3000 	C:\javafx-sdk-16\bin\api-ms-win-core-handle-l1-1-0.dll
0x00000209473f0000 - 0x00000209473f3000 	C:\javafx-sdk-16\bin\api-ms-win-core-heap-l1-1-0.dll
0x0000020948800000 - 0x0000020948803000 	C:\javafx-sdk-16\bin\api-ms-win-core-interlocked-l1-1-0.dll
0x0000020948810000 - 0x0000020948813000 	C:\javafx-sdk-16\bin\api-ms-win-core-libraryloader-l1-1-0.dll
0x0000020948820000 - 0x0000020948823000 	C:\javafx-sdk-16\bin\api-ms-win-core-localization-l1-2-0.dll
0x0000020948830000 - 0x0000020948833000 	C:\javafx-sdk-16\bin\api-ms-win-core-memory-l1-1-0.dll
0x0000020948840000 - 0x0000020948843000 	C:\javafx-sdk-16\bin\api-ms-win-core-namedpipe-l1-1-0.dll
0x0000020948850000 - 0x0000020948853000 	C:\javafx-sdk-16\bin\api-ms-win-core-processenvironment-l1-1-0.dll
0x0000020948860000 - 0x0000020948863000 	C:\javafx-sdk-16\bin\api-ms-win-core-processthreads-l1-1-0.dll
0x0000020948870000 - 0x0000020948873000 	C:\javafx-sdk-16\bin\api-ms-win-core-processthreads-l1-1-1.dll
0x0000020948880000 - 0x0000020948883000 	C:\javafx-sdk-16\bin\api-ms-win-core-profile-l1-1-0.dll
0x0000020948890000 - 0x0000020948893000 	C:\javafx-sdk-16\bin\api-ms-win-core-rtlsupport-l1-1-0.dll
0x00000209488a0000 - 0x00000209488a3000 	C:\javafx-sdk-16\bin\api-ms-win-core-string-l1-1-0.dll
0x00000209488b0000 - 0x00000209488b3000 	C:\javafx-sdk-16\bin\api-ms-win-core-synch-l1-1-0.dll
0x00000209488c0000 - 0x00000209488c3000 	C:\javafx-sdk-16\bin\api-ms-win-core-synch-l1-2-0.dll
0x00000209488d0000 - 0x00000209488d3000 	C:\javafx-sdk-16\bin\api-ms-win-core-sysinfo-l1-1-0.dll
0x00000209488e0000 - 0x00000209488e3000 	C:\javafx-sdk-16\bin\api-ms-win-core-timezone-l1-1-0.dll
0x00000209488f0000 - 0x00000209488f3000 	C:\javafx-sdk-16\bin\api-ms-win-core-util-l1-1-0.dll
0x0000020948900000 - 0x0000020948903000 	C:\javafx-sdk-16\bin\api-ms-win-crt-conio-l1-1-0.dll
0x0000020948910000 - 0x0000020948914000 	C:\javafx-sdk-16\bin\api-ms-win-crt-convert-l1-1-0.dll
0x0000020948920000 - 0x0000020948923000 	C:\javafx-sdk-16\bin\api-ms-win-crt-environment-l1-1-0.dll
0x0000020948930000 - 0x0000020948933000 	C:\javafx-sdk-16\bin\api-ms-win-crt-filesystem-l1-1-0.dll
0x0000020948940000 - 0x0000020948943000 	C:\javafx-sdk-16\bin\api-ms-win-crt-heap-l1-1-0.dll
0x0000020948950000 - 0x0000020948953000 	C:\javafx-sdk-16\bin\api-ms-win-crt-locale-l1-1-0.dll
0x0000020948960000 - 0x0000020948965000 	C:\javafx-sdk-16\bin\api-ms-win-crt-math-l1-1-0.dll
0x0000020948970000 - 0x0000020948975000 	C:\javafx-sdk-16\bin\api-ms-win-crt-multibyte-l1-1-0.dll
0x0000020948980000 - 0x0000020948990000 	C:\javafx-sdk-16\bin\api-ms-win-crt-private-l1-1-0.dll
0x0000020948990000 - 0x0000020948993000 	C:\javafx-sdk-16\bin\api-ms-win-crt-process-l1-1-0.dll
0x00000209489a0000 - 0x00000209489a4000 	C:\javafx-sdk-16\bin\api-ms-win-crt-runtime-l1-1-0.dll
0x00000209489b0000 - 0x00000209489b4000 	C:\javafx-sdk-16\bin\api-ms-win-crt-stdio-l1-1-0.dll
0x00000209489c0000 - 0x00000209489c4000 	C:\javafx-sdk-16\bin\api-ms-win-crt-string-l1-1-0.dll
0x00000209489d0000 - 0x00000209489d3000 	C:\javafx-sdk-16\bin\api-ms-win-crt-time-l1-1-0.dll
0x00000209489e0000 - 0x00000209489e3000 	C:\javafx-sdk-16\bin\api-ms-win-crt-utility-l1-1-0.dll
0x00007ff81c090000 - 0x00007ff81c18c000 	C:\javafx-sdk-16\bin\ucrtbase.dll
0x00007ff8460d0000 - 0x00007ff8460e9000 	C:\javafx-sdk-16\bin\vcruntime140.dll
0x00007ff857190000 - 0x00007ff85719c000 	C:\javafx-sdk-16\bin\vcruntime140_1.dll
0x00007ff827140000 - 0x00007ff8271d1000 	C:\javafx-sdk-16\bin\msvcp140.dll
0x00007ff845f60000 - 0x00007ff845f87000 	C:\javafx-sdk-16\bin\prism_d3d.dll
0x00007ffffaf60000 - 0x00007ffffb12e000 	C:\WINDOWS\system32\d3d9.dll
0x00007ff8593c0000 - 0x00007ff8593ef000 	C:\WINDOWS\SYSTEM32\dwmapi.dll
0x00007ff8591d0000 - 0x00007ff85926e000 	C:\WINDOWS\system32\uxtheme.dll
0x00007fffface0000 - 0x00007ffffaf55000 	C:\WINDOWS\System32\DriverStore\FileRepository\iigd_dch.inf_amd64_f8e780f2d1187914\igdumdim64.dll
0x00007ffff0230000 - 0x00007ffff3b1c000 	C:\WINDOWS\System32\DriverStore\FileRepository\iigd_dch.inf_amd64_f8e780f2d1187914\igd9dxva64.dll
0x00007ff85c5b0000 - 0x00007ff85c6da000 	C:\WINDOWS\System32\ole32.dll
0x00007ff85cd20000 - 0x00007ff85cded000 	C:\WINDOWS\System32\OLEAUT32.dll
0x00007ff827400000 - 0x00007ff827442000 	C:\javafx-sdk-16\bin\glass.dll
0x00007ff85d0e0000 - 0x00007ff85d1ba000 	C:\WINDOWS\System32\COMDLG32.dll
0x00007ff85dc80000 - 0x00007ff85dd95000 	C:\WINDOWS\System32\MSCTF.dll
0x00007ff825770000 - 0x00007ff82580c000 	C:\WINDOWS\system32\IMGSF50Filter_x64.dll
0x00007ff8278b0000 - 0x00007ff8279d5000 	C:\WINDOWS\SYSTEM32\Opengl32.dll
0x00007ff827840000 - 0x00007ff82786c000 	C:\WINDOWS\SYSTEM32\GLU32.dll
0x00007ff828260000 - 0x00007ff828280000 	C:\WINDOWS\System32\DriverStore\FileRepository\iigd_dch.inf_amd64_f8e780f2d1187914\igdinfo64.dll
0x00007ff84dec0000 - 0x00007ff84fe3c000 	C:\WINDOWS\System32\DriverStore\FileRepository\iigd_dch.inf_amd64_f8e780f2d1187914\igc64.dll
0x00007ff852660000 - 0x00007ff85269b000 	C:\WINDOWS\SYSTEM32\dxcore.dll
0x00007ff85c230000 - 0x00007ff85c27e000 	C:\WINDOWS\System32\cfgmgr32.dll
0x00007ff845000000 - 0x00007ff845014000 	C:\javafx-sdk-16\bin\javafx_font.dll
0x00007ff829850000 - 0x00007ff829ad3000 	C:\WINDOWS\SYSTEM32\dwrite.dll
0x00007ff85d320000 - 0x00007ff85d3c9000 	C:\WINDOWS\System32\clbcatq.dll
0x00007ff855a40000 - 0x00007ff855bf4000 	C:\WINDOWS\SYSTEM32\WindowsCodecs.dll
0x00007ff85c200000 - 0x00007ff85c227000 	C:\WINDOWS\System32\bcrypt.dll
0x00007ff828510000 - 0x00007ff82854e000 	C:\WINDOWS\system32\dataexchange.dll
0x00007ff857940000 - 0x00007ff857ba4000 	C:\WINDOWS\system32\d3d11.dll
0x00007ff858440000 - 0x00007ff858625000 	C:\WINDOWS\system32\dcomp.dll
0x00007ff85a3a0000 - 0x00007ff85a494000 	C:\WINDOWS\system32\dxgi.dll
0x00007ff855d20000 - 0x00007ff855f21000 	C:\WINDOWS\system32\twinapi.appcore.dll
0x00007ff82af00000 - 0x00007ff82af34000 	C:\Program Files\Common Files\Microsoft Shared\Ink\rtscom.dll
0x00007ff82d0d0000 - 0x00007ff82d1c9000 	C:\WINDOWS\SYSTEM32\textinputframework.dll
0x00007ff8589b0000 - 0x00007ff858d0e000 	C:\WINDOWS\System32\CoreUIComponents.dll
0x00007ff858d10000 - 0x00007ff858e02000 	C:\WINDOWS\System32\CoreMessaging.dll
0x00007ff85a7a0000 - 0x00007ff85a7d3000 	C:\WINDOWS\SYSTEM32\ntmarta.dll
0x00007ff8582e0000 - 0x00007ff858434000 	C:\WINDOWS\SYSTEM32\wintypes.dll
0x00007ff819070000 - 0x00007ff819141000 	C:\Windows\System32\IME\IMEKR\imkrtip.dll
0x00007ff857350000 - 0x00007ff857446000 	C:\WINDOWS\SYSTEM32\PROPSYS.dll
0x00007ff818f20000 - 0x00007ff819062000 	C:\Windows\System32\IME\shared\imetip.dll
0x00007ff843f60000 - 0x00007ff843fc6000 	C:\WINDOWS\SYSTEM32\OLEACC.dll
0x00007ff818d70000 - 0x00007ff818f1e000 	C:\WINDOWS\SYSTEM32\DUI70.dll

dbghelp: loaded successfully - version: 4.0.5 - missing functions: none
symbol engine: initialized successfully - sym options: 0x614 - pdb path: .;C:\Program Files\Java\jdk-16.0.1\bin;C:\WINDOWS\SYSTEM32;C:\WINDOWS\WinSxS\amd64_microsoft.windows.common-controls_6595b64144ccf1df_6.0.19041.1110_none_60b5254171f9507e;C:\Program Files\Java\jdk-16.0.1\bin\server;C:\javafx-sdk-16\bin;C:\WINDOWS\System32\DriverStore\FileRepository\iigd_dch.inf_amd64_f8e780f2d1187914;C:\Program Files\Common Files\Microsoft Shared\Ink

VM Arguments:
jvm_args: --module-path=C:\javafx-sdk-16\lib --add-modules=javafx.controls -Dfile.encoding=UTF-8 -XX:+ShowCodeDetailsInExceptionMessages 
java_command: ShowImages
java_class_path (initial): C:\javafx-sdk-16\lib\javafx.base.jar;C:\javafx-sdk-16\lib\javafx.controls.jar;C:\javafx-sdk-16\lib\javafx.fxml.jar;C:\javafx-sdk-16\lib\javafx.graphics.jar;C:\javafx-sdk-16\lib\javafx.media.jar;C:\javafx-sdk-16\lib\javafx.swing.jar;C:\javafx-sdk-16\lib\javafx.web.jar;C:\javafx-sdk-16\lib\javafx-swt.jar;C:\Users\thswl\OneDrive\ \2021-2\\\Command-GUI01\bin
Launcher Type: SUN_STANDARD

[Global flags]
     intx CICompilerCount                          = 4                                         {product} {ergonomic}
     uint ConcGCThreads                            = 2                                         {product} {ergonomic}
     uint G1ConcRefinementThreads                  = 8                                         {product} {ergonomic}
   size_t G1HeapRegionSize                         = 1048576                                   {product} {ergonomic}
    uintx GCDrainStackTargetSize                   = 64                                        {product} {ergonomic}
   size_t InitialHeapSize                          = 132120576                                 {product} {ergonomic}
   size_t MarkStackSize                            = 4194304                                   {product} {ergonomic}
   size_t MaxHeapSize                              = 2095054848                                {product} {ergonomic}
   size_t MaxNewSize                               = 1256194048                                {product} {ergonomic}
   size_t MinHeapDeltaBytes                        = 1048576                                   {product} {ergonomic}
   size_t MinHeapSize                              = 8388608                                   {product} {ergonomic}
    uintx NonNMethodCodeHeapSize                   = 5839372                                {pd product} {ergonomic}
    uintx NonProfiledCodeHeapSize                  = 122909434                              {pd product} {ergonomic}
    uintx ProfiledCodeHeapSize                     = 122909434                              {pd product} {ergonomic}
    uintx ReservedCodeCacheSize                    = 251658240                              {pd product} {ergonomic}
     bool SegmentedCodeCache                       = true                                      {product} {ergonomic}
     bool ShowCodeDetailsInExceptionMessages       = true                                   {manageable} {command line}
   size_t SoftMaxHeapSize                          = 2095054848                             {manageable} {ergonomic}
     bool UseCompressedClassPointers               = true                           {product lp64_product} {ergonomic}
     bool UseCompressedOops                        = true                           {product lp64_product} {ergonomic}
     bool UseG1GC                                  = true                                      {product} {ergonomic}
     bool UseLargePagesIndividualAllocation        = false                                  {pd product} {ergonomic}

Logging:
Log output configuration:
 #0: stdout all=warning uptime,level,tags
 #1: stderr all=off uptime,level,tags

Environment Variables:
JAVA_HOME=C:\Program Files\Java\jdk-16.0.1
CLASSPATH=C:\Program Files\Java\jdk-16.0.1\lib
PATH=C:/Program Files/Java/jdk-16.0.1/bin/server;C:/Program Files/Java/jdk-16.0.1/bin;C:\app\thswl\product\18.0.0\dbhomeXE\bin;C:\Program Files\Common Files\Oracle\Java\javapath;C:\Program Files (x86)\Intel\Intel(R) Management Engine Components\iCLS\;C:\Program Files\Intel\Intel(R) Management Engine Components\iCLS\;C:\WINDOWS\system32;C:\WINDOWS;C:\WINDOWS\System32\Wbem;C:\WINDOWS\System32\WindowsPowerShell\v1.0\;C:\WINDOWS\System32\OpenSSH\;C:\Program Files (x86)\Intel\Intel(R) Management Engine Components\DAL;C:\Program Files\Intel\Intel(R) Management Engine Components\DAL;C:\Program Files\Java\jdk-16.0.1\bin;C:\Program Files\Git\cmd;C:\Program Files\nodejs\;C:\ProgramData\chocolatey\bin;C:\Users\thswl\AppData\Local\Programs\Python\Python39\Scripts\;C:\Users\thswl\AppData\Local\Programs\Python\Python39\;C:\Users\thswl\AppData\Local\Microsoft\WindowsApps;C:\Users\thswl\AppData\Local\Programs\Microsoft VS Code\bin;C:\Users\thswl\AppData\Local\GitHubDesktop\bin;C:\Users\thswl\AppData\Roaming\npm;C:\Program Files\JetBrains\PyCharm Community Edition 2021.1.3\bin;;;C:\WINDOWS\system32;
USERNAME=thswl
OS=Windows_NT
PROCESSOR_IDENTIFIER=Intel64 Family 6 Model 142 Stepping 11, GenuineIntel



---------------  S Y S T E M  ---------------

OS:
 Windows 10 , 64 bit Build 19041 (10.0.19041.1202)
OS uptime: 0 days 7:38 hours

CPU: total 8 (initial active 8) (4 cores per cpu, 2 threads per core) family 6 model 142 stepping 11 microcode 0xae, cx8, cmov, fxsr, ht, mmx, 3dnowpref, sse, sse2, sse3, ssse3, sse4.1, sse4.2, popcnt, lzcnt, tsc, tscinvbit, avx, avx2, aes, erms, clmul, bmi1, bmi2, adx, fma, vzeroupper, clflush, clflushopt

Memory: 4k page, system-wide physical 7986M (809M free)
TotalPageFile size 7986M (AvailPageFile size 2M)
current process WorkingSet (physical memory assigned to process): 125M, peak: 125M
current process commit charge ("private bytes"): 269M, peak: 270M

vm_info: Java HotSpot(TM) 64-Bit Server VM (16.0.1+9-24) for windows-amd64 JRE (16.0.1+9-24), built on Mar 26 2021 19:31:42 by "mach5one" with MS VC++ 16.7 (VS2019)

END.
