#
# There is insufficient memory for the Java Runtime Environment to continue.
# Native memory allocation (malloc) failed to allocate 32784 bytes for Chunk::new
# Possible reasons:
#   The system is out of physical RAM or swap space
#   The process is running with CompressedOops enabled, and the Java Heap may be blocking the growth of the native heap
# Possible solutions:
#   Reduce memory load on the system
#   Increase physical memory or swap space
#   Check if swap backing store is full
#   Decrease Java heap size (-Xmx/-Xms)
#   Decrease number of Java threads
#   Decrease Java thread stack sizes (-Xss)
#   Set larger code cache with -XX:ReservedCodeCacheSize=
#   JVM is running with Unscaled Compressed Oops mode in which the Java heap is
#     placed in the first 4GB address space. The Java Heap base address is the
#     maximum limit for the native heap growth. Please use -XX:HeapBaseMinAddress
#     to set the Java Heap base and to place the Java Heap above 4GB virtual address.
# This output file may be truncated or incomplete.
#
#  Out of Memory Error (arena.cpp:195), pid=10572, tid=10696
#
# JRE version: Java(TM) SE Runtime Environment (16.0.1+9) (build 16.0.1+9-24)
# Java VM: Java HotSpot(TM) 64-Bit Server VM (16.0.1+9-24, mixed mode, sharing, tiered, compressed oops, compressed class ptrs, g1 gc, windows-amd64)
# No core dump will be written. Minidumps are not enabled by default on client versions of Windows
#

---------------  S U M M A R Y ------------

Command Line: --module-path=C:\javafx-sdk-16\lib --add-modules=javafx.controls -Dfile.encoding=UTF-8 -XX:+ShowCodeDetailsInExceptionMessages CardGameView

Host: Intel(R) Core(TM) i7-8565U CPU @ 1.80GHz, 8 cores, 7G,  Windows 10 , 64 bit Build 19041 (10.0.19041.1202)
Time: Mon Nov  8 22:39:52 2021  Windows 10 , 64 bit Build 19041 (10.0.19041.1202) elapsed time: 0.368291 seconds (0d 0h 0m 0s)

---------------  T H R E A D  ---------------

Current thread (0x0000018cfb2f0090):  JavaThread "C2 CompilerThread0" daemon [_thread_in_native, id=10696, stack(0x0000003520400000,0x0000003520500000)]


Current CompileTask:
C2:    368  296       4       java.util.stream.ReferencePipeline$3$1::accept (23 bytes)

Stack: [0x0000003520400000,0x0000003520500000]
Native frames: (J=compiled Java code, j=interpreted, Vv=VM code, C=native code)
V  [jvm.dll+0x6687ca]
V  [jvm.dll+0x7ca3c9]
V  [jvm.dll+0x7cbb53]
V  [jvm.dll+0x7cc1b3]
V  [jvm.dll+0x242ea5]
V  [jvm.dll+0xadeca]
V  [jvm.dll+0xae5ac]
V  [jvm.dll+0xbb7b1]
V  [jvm.dll+0x56502e]
V  [jvm.dll+0x563abd]
V  [jvm.dll+0x562ffe]
V  [jvm.dll+0x563011]
V  [jvm.dll+0x563011]
V  [jvm.dll+0x563011]
V  [jvm.dll+0x563011]
V  [jvm.dll+0x563011]
V  [jvm.dll+0x563011]
V  [jvm.dll+0x563011]
V  [jvm.dll+0x563011]
V  [jvm.dll+0x563011]
V  [jvm.dll+0x563011]
V  [jvm.dll+0x563011]
V  [jvm.dll+0x563011]
V  [jvm.dll+0x563011]
V  [jvm.dll+0x563011]
V  [jvm.dll+0x563011]
V  [jvm.dll+0x563011]
V  [jvm.dll+0x563011]
V  [jvm.dll+0x563011]
V  [jvm.dll+0x563011]
V  [jvm.dll+0x563011]
V  [jvm.dll+0x563011]
V  [jvm.dll+0x563011]
V  [jvm.dll+0x563011]
V  [jvm.dll+0x563011]
V  [jvm.dll+0x574b68]
V  [jvm.dll+0x21eb55]
V  [jvm.dll+0x217e51]
V  [jvm.dll+0x21524c]
V  [jvm.dll+0x1a1d9b]
V  [jvm.dll+0x2253a8]
V  [jvm.dll+0x2233ec]
V  [jvm.dll+0x780002]
V  [jvm.dll+0x779b4a]
V  [jvm.dll+0x667666]
C  [ucrtbase.dll+0x21bb2]
C  [KERNEL32.DLL+0x17034]
C  [ntdll.dll+0x52651]


---------------  P R O C E S S  ---------------

Threads class SMR info:
_java_thread_list=0x0000018cfc21a4d0, length=13, elements={
0x0000018cec3dc560, 0x0000018cfb2c0240, 0x0000018cfb2c1010, 0x0000018cfb2e6ca0,
0x0000018cfb2e76b0, 0x0000018cfb2d8590, 0x0000018cfb2dc3a0, 0x0000018cfb2f0090,
0x0000018cfb2dcfe0, 0x0000018cfb2f0a90, 0x0000018cfb29e140, 0x0000018cfbdca7c0,
0x0000018cfbde5cf0
}

Java Threads: ( => current thread )
  0x0000018cec3dc560 JavaThread "main" [_thread_in_Java, id=508, stack(0x000000351f700000,0x000000351f800000)]
  0x0000018cfb2c0240 JavaThread "Reference Handler" daemon [_thread_blocked, id=11576, stack(0x000000351fe00000,0x000000351ff00000)]
  0x0000018cfb2c1010 JavaThread "Finalizer" daemon [_thread_blocked, id=10540, stack(0x000000351ff00000,0x0000003520000000)]
  0x0000018cfb2e6ca0 JavaThread "Signal Dispatcher" daemon [_thread_blocked, id=2256, stack(0x0000003520000000,0x0000003520100000)]
  0x0000018cfb2e76b0 JavaThread "Attach Listener" daemon [_thread_blocked, id=4832, stack(0x0000003520100000,0x0000003520200000)]
  0x0000018cfb2d8590 JavaThread "Service Thread" daemon [_thread_blocked, id=2276, stack(0x0000003520200000,0x0000003520300000)]
  0x0000018cfb2dc3a0 JavaThread "Monitor Deflation Thread" daemon [_thread_blocked, id=13452, stack(0x0000003520300000,0x0000003520400000)]
=>0x0000018cfb2f0090 JavaThread "C2 CompilerThread0" daemon [_thread_in_native, id=10696, stack(0x0000003520400000,0x0000003520500000)]
  0x0000018cfb2dcfe0 JavaThread "C1 CompilerThread0" daemon [_thread_blocked, id=2072, stack(0x0000003520500000,0x0000003520600000)]
  0x0000018cfb2f0a90 JavaThread "Sweeper thread" daemon [_thread_blocked, id=7452, stack(0x0000003520600000,0x0000003520700000)]
  0x0000018cfb29e140 JavaThread "Common-Cleaner" daemon [_thread_blocked, id=4024, stack(0x0000003520700000,0x0000003520800000)]
  0x0000018cfbdca7c0 JavaThread "C2 CompilerThread1" daemon [_thread_blocked, id=12696, stack(0x0000003520800000,0x0000003520900000)]
  0x0000018cfbde5cf0 JavaThread "Notification Thread" daemon [_thread_blocked, id=9624, stack(0x0000003520900000,0x0000003520a00000)]

Other Threads:
  0x0000018cfb2bc6e0 VMThread "VM Thread" [stack: 0x000000351fd00000,0x000000351fe00000] [id=11288]
  0x0000018cec3dd560 WatcherThread [stack: 0x0000003520a00000,0x0000003520b00000] [id=12388]
  0x0000018cec41b610 GCTaskThread "GC Thread#0" [stack: 0x000000351f800000,0x000000351f900000] [id=12844]
  0x0000018cec42e760 ConcurrentGCThread "G1 Main Marker" [stack: 0x000000351f900000,0x000000351fa00000] [id=9832]
  0x0000018cec42f0e0 ConcurrentGCThread "G1 Conc#0" [stack: 0x000000351fa00000,0x000000351fb00000] [id=9644]
  0x0000018cec4b82f0 ConcurrentGCThread "G1 Refine#0" [stack: 0x000000351fb00000,0x000000351fc00000] [id=10556]
  0x0000018cec4b9c90 ConcurrentGCThread "G1 Service" [stack: 0x000000351fc00000,0x000000351fd00000] [id=10992]

Threads with active compile tasks:
C2 CompilerThread0      450  296       4       java.util.stream.ReferencePipeline$3$1::accept (23 bytes)

VM state: not at safepoint (normal execution)

VM Mutex/Monitor currently owned by a thread: None

Heap address: 0x0000000083200000, size: 1998 MB, Compressed Oops mode: 32-bit

CDS archive(s) mapped at: [0x0000000800000000-0x0000000800bb0000-0x0000000800bb0000), size 12255232, SharedBaseAddress: 0x0000000800000000, ArchiveRelocationMode: 0.
Compressed class space mapped at: 0x0000000800c00000-0x0000000840c00000, reserved size: 1073741824
Narrow klass base: 0x0000000800000000, Narrow klass shift: 3, Narrow klass range: 0x100000000

GC Precious Log:
 CPUs: 8 total, 8 available
 Memory: 7986M
 Large Page Support: Disabled
 NUMA Support: Disabled
 Compressed Oops: Enabled (32-bit)
 Heap Region Size: 1M
 Heap Min Capacity: 8M
 Heap Initial Capacity: 126M
 Heap Max Capacity: 1998M
 Pre-touch: Disabled
 Parallel Workers: 8
 Concurrent Workers: 2
 Concurrent Refinement Workers: 8
 Periodic GC: Disabled

Heap:
 garbage-first heap   total 129024K, used 8192K [0x0000000083200000, 0x0000000100000000)
  region size 1024K, 10 young (10240K), 0 survivors (0K)
 Metaspace       used 1459K, committed 1664K, reserved 1056768K
  class space    used 133K, committed 256K, reserved 1048576K

Heap Regions: E=young(eden), S=young(survivor), O=old, HS=humongous(starts), HC=humongous(continues), CS=collection set, F=free, OA=open archive, CA=closed archive, TAMS=top-at-mark-start (previous, next)
|   0|0x0000000083200000, 0x0000000083200000, 0x0000000083300000|  0%| F|  |TAMS 0x0000000083200000, 0x0000000083200000| Untracked 
|   1|0x0000000083300000, 0x0000000083300000, 0x0000000083400000|  0%| F|  |TAMS 0x0000000083300000, 0x0000000083300000| Untracked 
|   2|0x0000000083400000, 0x0000000083400000, 0x0000000083500000|  0%| F|  |TAMS 0x0000000083400000, 0x0000000083400000| Untracked 
|   3|0x0000000083500000, 0x0000000083500000, 0x0000000083600000|  0%| F|  |TAMS 0x0000000083500000, 0x0000000083500000| Untracked 
|   4|0x0000000083600000, 0x0000000083600000, 0x0000000083700000|  0%| F|  |TAMS 0x0000000083600000, 0x0000000083600000| Untracked 
|   5|0x0000000083700000, 0x0000000083700000, 0x0000000083800000|  0%| F|  |TAMS 0x0000000083700000, 0x0000000083700000| Untracked 
|   6|0x0000000083800000, 0x0000000083800000, 0x0000000083900000|  0%| F|  |TAMS 0x0000000083800000, 0x0000000083800000| Untracked 
|   7|0x0000000083900000, 0x0000000083900000, 0x0000000083a00000|  0%| F|  |TAMS 0x0000000083900000, 0x0000000083900000| Untracked 
|   8|0x0000000083a00000, 0x0000000083a00000, 0x0000000083b00000|  0%| F|  |TAMS 0x0000000083a00000, 0x0000000083a00000| Untracked 
|   9|0x0000000083b00000, 0x0000000083b00000, 0x0000000083c00000|  0%| F|  |TAMS 0x0000000083b00000, 0x0000000083b00000| Untracked 
|  10|0x0000000083c00000, 0x0000000083c00000, 0x0000000083d00000|  0%| F|  |TAMS 0x0000000083c00000, 0x0000000083c00000| Untracked 
|  11|0x0000000083d00000, 0x0000000083d00000, 0x0000000083e00000|  0%| F|  |TAMS 0x0000000083d00000, 0x0000000083d00000| Untracked 
|  12|0x0000000083e00000, 0x0000000083e00000, 0x0000000083f00000|  0%| F|  |TAMS 0x0000000083e00000, 0x0000000083e00000| Untracked 
|  13|0x0000000083f00000, 0x0000000083f00000, 0x0000000084000000|  0%| F|  |TAMS 0x0000000083f00000, 0x0000000083f00000| Untracked 
|  14|0x0000000084000000, 0x0000000084000000, 0x0000000084100000|  0%| F|  |TAMS 0x0000000084000000, 0x0000000084000000| Untracked 
|  15|0x0000000084100000, 0x0000000084100000, 0x0000000084200000|  0%| F|  |TAMS 0x0000000084100000, 0x0000000084100000| Untracked 
|  16|0x0000000084200000, 0x0000000084200000, 0x0000000084300000|  0%| F|  |TAMS 0x0000000084200000, 0x0000000084200000| Untracked 
|  17|0x0000000084300000, 0x0000000084300000, 0x0000000084400000|  0%| F|  |TAMS 0x0000000084300000, 0x0000000084300000| Untracked 
|  18|0x0000000084400000, 0x0000000084400000, 0x0000000084500000|  0%| F|  |TAMS 0x0000000084400000, 0x0000000084400000| Untracked 
|  19|0x0000000084500000, 0x0000000084500000, 0x0000000084600000|  0%| F|  |TAMS 0x0000000084500000, 0x0000000084500000| Untracked 
|  20|0x0000000084600000, 0x0000000084600000, 0x0000000084700000|  0%| F|  |TAMS 0x0000000084600000, 0x0000000084600000| Untracked 
|  21|0x0000000084700000, 0x0000000084700000, 0x0000000084800000|  0%| F|  |TAMS 0x0000000084700000, 0x0000000084700000| Untracked 
|  22|0x0000000084800000, 0x0000000084800000, 0x0000000084900000|  0%| F|  |TAMS 0x0000000084800000, 0x0000000084800000| Untracked 
|  23|0x0000000084900000, 0x0000000084900000, 0x0000000084a00000|  0%| F|  |TAMS 0x0000000084900000, 0x0000000084900000| Untracked 
|  24|0x0000000084a00000, 0x0000000084a00000, 0x0000000084b00000|  0%| F|  |TAMS 0x0000000084a00000, 0x0000000084a00000| Untracked 
|  25|0x0000000084b00000, 0x0000000084b00000, 0x0000000084c00000|  0%| F|  |TAMS 0x0000000084b00000, 0x0000000084b00000| Untracked 
|  26|0x0000000084c00000, 0x0000000084c00000, 0x0000000084d00000|  0%| F|  |TAMS 0x0000000084c00000, 0x0000000084c00000| Untracked 
|  27|0x0000000084d00000, 0x0000000084d00000, 0x0000000084e00000|  0%| F|  |TAMS 0x0000000084d00000, 0x0000000084d00000| Untracked 
|  28|0x0000000084e00000, 0x0000000084e00000, 0x0000000084f00000|  0%| F|  |TAMS 0x0000000084e00000, 0x0000000084e00000| Untracked 
|  29|0x0000000084f00000, 0x0000000084f00000, 0x0000000085000000|  0%| F|  |TAMS 0x0000000084f00000, 0x0000000084f00000| Untracked 
|  30|0x0000000085000000, 0x0000000085000000, 0x0000000085100000|  0%| F|  |TAMS 0x0000000085000000, 0x0000000085000000| Untracked 
|  31|0x0000000085100000, 0x0000000085100000, 0x0000000085200000|  0%| F|  |TAMS 0x0000000085100000, 0x0000000085100000| Untracked 
|  32|0x0000000085200000, 0x0000000085200000, 0x0000000085300000|  0%| F|  |TAMS 0x0000000085200000, 0x0000000085200000| Untracked 
|  33|0x0000000085300000, 0x0000000085300000, 0x0000000085400000|  0%| F|  |TAMS 0x0000000085300000, 0x0000000085300000| Untracked 
|  34|0x0000000085400000, 0x0000000085400000, 0x0000000085500000|  0%| F|  |TAMS 0x0000000085400000, 0x0000000085400000| Untracked 
|  35|0x0000000085500000, 0x0000000085500000, 0x0000000085600000|  0%| F|  |TAMS 0x0000000085500000, 0x0000000085500000| Untracked 
|  36|0x0000000085600000, 0x0000000085600000, 0x0000000085700000|  0%| F|  |TAMS 0x0000000085600000, 0x0000000085600000| Untracked 
|  37|0x0000000085700000, 0x0000000085700000, 0x0000000085800000|  0%| F|  |TAMS 0x0000000085700000, 0x0000000085700000| Untracked 
|  38|0x0000000085800000, 0x0000000085800000, 0x0000000085900000|  0%| F|  |TAMS 0x0000000085800000, 0x0000000085800000| Untracked 
|  39|0x0000000085900000, 0x0000000085900000, 0x0000000085a00000|  0%| F|  |TAMS 0x0000000085900000, 0x0000000085900000| Untracked 
|  40|0x0000000085a00000, 0x0000000085a00000, 0x0000000085b00000|  0%| F|  |TAMS 0x0000000085a00000, 0x0000000085a00000| Untracked 
|  41|0x0000000085b00000, 0x0000000085b00000, 0x0000000085c00000|  0%| F|  |TAMS 0x0000000085b00000, 0x0000000085b00000| Untracked 
|  42|0x0000000085c00000, 0x0000000085c00000, 0x0000000085d00000|  0%| F|  |TAMS 0x0000000085c00000, 0x0000000085c00000| Untracked 
|  43|0x0000000085d00000, 0x0000000085d00000, 0x0000000085e00000|  0%| F|  |TAMS 0x0000000085d00000, 0x0000000085d00000| Untracked 
|  44|0x0000000085e00000, 0x0000000085e00000, 0x0000000085f00000|  0%| F|  |TAMS 0x0000000085e00000, 0x0000000085e00000| Untracked 
|  45|0x0000000085f00000, 0x0000000085f00000, 0x0000000086000000|  0%| F|  |TAMS 0x0000000085f00000, 0x0000000085f00000| Untracked 
|  46|0x0000000086000000, 0x0000000086000000, 0x0000000086100000|  0%| F|  |TAMS 0x0000000086000000, 0x0000000086000000| Untracked 
|  47|0x0000000086100000, 0x0000000086100000, 0x0000000086200000|  0%| F|  |TAMS 0x0000000086100000, 0x0000000086100000| Untracked 
|  48|0x0000000086200000, 0x0000000086200000, 0x0000000086300000|  0%| F|  |TAMS 0x0000000086200000, 0x0000000086200000| Untracked 
|  49|0x0000000086300000, 0x0000000086300000, 0x0000000086400000|  0%| F|  |TAMS 0x0000000086300000, 0x0000000086300000| Untracked 
|  50|0x0000000086400000, 0x0000000086400000, 0x0000000086500000|  0%| F|  |TAMS 0x0000000086400000, 0x0000000086400000| Untracked 
|  51|0x0000000086500000, 0x0000000086500000, 0x0000000086600000|  0%| F|  |TAMS 0x0000000086500000, 0x0000000086500000| Untracked 
|  52|0x0000000086600000, 0x0000000086600000, 0x0000000086700000|  0%| F|  |TAMS 0x0000000086600000, 0x0000000086600000| Untracked 
|  53|0x0000000086700000, 0x0000000086700000, 0x0000000086800000|  0%| F|  |TAMS 0x0000000086700000, 0x0000000086700000| Untracked 
|  54|0x0000000086800000, 0x0000000086800000, 0x0000000086900000|  0%| F|  |TAMS 0x0000000086800000, 0x0000000086800000| Untracked 
|  55|0x0000000086900000, 0x0000000086900000, 0x0000000086a00000|  0%| F|  |TAMS 0x0000000086900000, 0x0000000086900000| Untracked 
|  56|0x0000000086a00000, 0x0000000086a00000, 0x0000000086b00000|  0%| F|  |TAMS 0x0000000086a00000, 0x0000000086a00000| Untracked 
|  57|0x0000000086b00000, 0x0000000086b00000, 0x0000000086c00000|  0%| F|  |TAMS 0x0000000086b00000, 0x0000000086b00000| Untracked 
|  58|0x0000000086c00000, 0x0000000086c00000, 0x0000000086d00000|  0%| F|  |TAMS 0x0000000086c00000, 0x0000000086c00000| Untracked 
|  59|0x0000000086d00000, 0x0000000086d00000, 0x0000000086e00000|  0%| F|  |TAMS 0x0000000086d00000, 0x0000000086d00000| Untracked 
|  60|0x0000000086e00000, 0x0000000086e00000, 0x0000000086f00000|  0%| F|  |TAMS 0x0000000086e00000, 0x0000000086e00000| Untracked 
|  61|0x0000000086f00000, 0x0000000086f00000, 0x0000000087000000|  0%| F|  |TAMS 0x0000000086f00000, 0x0000000086f00000| Untracked 
|  62|0x0000000087000000, 0x0000000087000000, 0x0000000087100000|  0%| F|  |TAMS 0x0000000087000000, 0x0000000087000000| Untracked 
|  63|0x0000000087100000, 0x0000000087100000, 0x0000000087200000|  0%| F|  |TAMS 0x0000000087100000, 0x0000000087100000| Untracked 
|  64|0x0000000087200000, 0x0000000087200000, 0x0000000087300000|  0%| F|  |TAMS 0x0000000087200000, 0x0000000087200000| Untracked 
|  65|0x0000000087300000, 0x0000000087300000, 0x0000000087400000|  0%| F|  |TAMS 0x0000000087300000, 0x0000000087300000| Untracked 
|  66|0x0000000087400000, 0x0000000087400000, 0x0000000087500000|  0%| F|  |TAMS 0x0000000087400000, 0x0000000087400000| Untracked 
|  67|0x0000000087500000, 0x0000000087500000, 0x0000000087600000|  0%| F|  |TAMS 0x0000000087500000, 0x0000000087500000| Untracked 
|  68|0x0000000087600000, 0x0000000087600000, 0x0000000087700000|  0%| F|  |TAMS 0x0000000087600000, 0x0000000087600000| Untracked 
|  69|0x0000000087700000, 0x0000000087700000, 0x0000000087800000|  0%| F|  |TAMS 0x0000000087700000, 0x0000000087700000| Untracked 
|  70|0x0000000087800000, 0x0000000087800000, 0x0000000087900000|  0%| F|  |TAMS 0x0000000087800000, 0x0000000087800000| Untracked 
|  71|0x0000000087900000, 0x0000000087900000, 0x0000000087a00000|  0%| F|  |TAMS 0x0000000087900000, 0x0000000087900000| Untracked 
|  72|0x0000000087a00000, 0x0000000087a00000, 0x0000000087b00000|  0%| F|  |TAMS 0x0000000087a00000, 0x0000000087a00000| Untracked 
|  73|0x0000000087b00000, 0x0000000087b00000, 0x0000000087c00000|  0%| F|  |TAMS 0x0000000087b00000, 0x0000000087b00000| Untracked 
|  74|0x0000000087c00000, 0x0000000087c00000, 0x0000000087d00000|  0%| F|  |TAMS 0x0000000087c00000, 0x0000000087c00000| Untracked 
|  75|0x0000000087d00000, 0x0000000087d00000, 0x0000000087e00000|  0%| F|  |TAMS 0x0000000087d00000, 0x0000000087d00000| Untracked 
|  76|0x0000000087e00000, 0x0000000087e00000, 0x0000000087f00000|  0%| F|  |TAMS 0x0000000087e00000, 0x0000000087e00000| Untracked 
|  77|0x0000000087f00000, 0x0000000087f00000, 0x0000000088000000|  0%| F|  |TAMS 0x0000000087f00000, 0x0000000087f00000| Untracked 
|  78|0x0000000088000000, 0x0000000088000000, 0x0000000088100000|  0%| F|  |TAMS 0x0000000088000000, 0x0000000088000000| Untracked 
|  79|0x0000000088100000, 0x0000000088100000, 0x0000000088200000|  0%| F|  |TAMS 0x0000000088100000, 0x0000000088100000| Untracked 
|  80|0x0000000088200000, 0x0000000088200000, 0x0000000088300000|  0%| F|  |TAMS 0x0000000088200000, 0x0000000088200000| Untracked 
|  81|0x0000000088300000, 0x0000000088300000, 0x0000000088400000|  0%| F|  |TAMS 0x0000000088300000, 0x0000000088300000| Untracked 
|  82|0x0000000088400000, 0x0000000088400000, 0x0000000088500000|  0%| F|  |TAMS 0x0000000088400000, 0x0000000088400000| Untracked 
|  83|0x0000000088500000, 0x0000000088500000, 0x0000000088600000|  0%| F|  |TAMS 0x0000000088500000, 0x0000000088500000| Untracked 
|  84|0x0000000088600000, 0x0000000088600000, 0x0000000088700000|  0%| F|  |TAMS 0x0000000088600000, 0x0000000088600000| Untracked 
|  85|0x0000000088700000, 0x0000000088700000, 0x0000000088800000|  0%| F|  |TAMS 0x0000000088700000, 0x0000000088700000| Untracked 
|  86|0x0000000088800000, 0x0000000088800000, 0x0000000088900000|  0%| F|  |TAMS 0x0000000088800000, 0x0000000088800000| Untracked 
|  87|0x0000000088900000, 0x0000000088900000, 0x0000000088a00000|  0%| F|  |TAMS 0x0000000088900000, 0x0000000088900000| Untracked 
|  88|0x0000000088a00000, 0x0000000088a00000, 0x0000000088b00000|  0%| F|  |TAMS 0x0000000088a00000, 0x0000000088a00000| Untracked 
|  89|0x0000000088b00000, 0x0000000088b00000, 0x0000000088c00000|  0%| F|  |TAMS 0x0000000088b00000, 0x0000000088b00000| Untracked 
|  90|0x0000000088c00000, 0x0000000088c00000, 0x0000000088d00000|  0%| F|  |TAMS 0x0000000088c00000, 0x0000000088c00000| Untracked 
|  91|0x0000000088d00000, 0x0000000088d00000, 0x0000000088e00000|  0%| F|  |TAMS 0x0000000088d00000, 0x0000000088d00000| Untracked 
|  92|0x0000000088e00000, 0x0000000088e00000, 0x0000000088f00000|  0%| F|  |TAMS 0x0000000088e00000, 0x0000000088e00000| Untracked 
|  93|0x0000000088f00000, 0x0000000088f00000, 0x0000000089000000|  0%| F|  |TAMS 0x0000000088f00000, 0x0000000088f00000| Untracked 
|  94|0x0000000089000000, 0x0000000089000000, 0x0000000089100000|  0%| F|  |TAMS 0x0000000089000000, 0x0000000089000000| Untracked 
|  95|0x0000000089100000, 0x0000000089100000, 0x0000000089200000|  0%| F|  |TAMS 0x0000000089100000, 0x0000000089100000| Untracked 
|  96|0x0000000089200000, 0x0000000089200000, 0x0000000089300000|  0%| F|  |TAMS 0x0000000089200000, 0x0000000089200000| Untracked 
|  97|0x0000000089300000, 0x0000000089300000, 0x0000000089400000|  0%| F|  |TAMS 0x0000000089300000, 0x0000000089300000| Untracked 
|  98|0x0000000089400000, 0x0000000089400000, 0x0000000089500000|  0%| F|  |TAMS 0x0000000089400000, 0x0000000089400000| Untracked 
|  99|0x0000000089500000, 0x0000000089500000, 0x0000000089600000|  0%| F|  |TAMS 0x0000000089500000, 0x0000000089500000| Untracked 
| 100|0x0000000089600000, 0x0000000089600000, 0x0000000089700000|  0%| F|  |TAMS 0x0000000089600000, 0x0000000089600000| Untracked 
| 101|0x0000000089700000, 0x0000000089700000, 0x0000000089800000|  0%| F|  |TAMS 0x0000000089700000, 0x0000000089700000| Untracked 
| 102|0x0000000089800000, 0x0000000089800000, 0x0000000089900000|  0%| F|  |TAMS 0x0000000089800000, 0x0000000089800000| Untracked 
| 103|0x0000000089900000, 0x0000000089900000, 0x0000000089a00000|  0%| F|  |TAMS 0x0000000089900000, 0x0000000089900000| Untracked 
| 104|0x0000000089a00000, 0x0000000089a00000, 0x0000000089b00000|  0%| F|  |TAMS 0x0000000089a00000, 0x0000000089a00000| Untracked 
| 105|0x0000000089b00000, 0x0000000089b00000, 0x0000000089c00000|  0%| F|  |TAMS 0x0000000089b00000, 0x0000000089b00000| Untracked 
| 106|0x0000000089c00000, 0x0000000089c00000, 0x0000000089d00000|  0%| F|  |TAMS 0x0000000089c00000, 0x0000000089c00000| Untracked 
| 107|0x0000000089d00000, 0x0000000089d00000, 0x0000000089e00000|  0%| F|  |TAMS 0x0000000089d00000, 0x0000000089d00000| Untracked 
| 108|0x0000000089e00000, 0x0000000089e00000, 0x0000000089f00000|  0%| F|  |TAMS 0x0000000089e00000, 0x0000000089e00000| Untracked 
| 109|0x0000000089f00000, 0x0000000089f00000, 0x000000008a000000|  0%| F|  |TAMS 0x0000000089f00000, 0x0000000089f00000| Untracked 
| 110|0x000000008a000000, 0x000000008a000000, 0x000000008a100000|  0%| F|  |TAMS 0x000000008a000000, 0x000000008a000000| Untracked 
| 111|0x000000008a100000, 0x000000008a100000, 0x000000008a200000|  0%| F|  |TAMS 0x000000008a100000, 0x000000008a100000| Untracked 
| 112|0x000000008a200000, 0x000000008a200000, 0x000000008a300000|  0%| F|  |TAMS 0x000000008a200000, 0x000000008a200000| Untracked 
| 113|0x000000008a300000, 0x000000008a300000, 0x000000008a400000|  0%| F|  |TAMS 0x000000008a300000, 0x000000008a300000| Untracked 
| 114|0x000000008a400000, 0x000000008a400000, 0x000000008a500000|  0%| F|  |TAMS 0x000000008a400000, 0x000000008a400000| Untracked 
| 115|0x000000008a500000, 0x000000008a500000, 0x000000008a600000|  0%| F|  |TAMS 0x000000008a500000, 0x000000008a500000| Untracked 
| 116|0x000000008a600000, 0x000000008a6ef340, 0x000000008a700000| 93%| E|  |TAMS 0x000000008a600000, 0x000000008a600000| Complete 
| 117|0x000000008a700000, 0x000000008a800000, 0x000000008a800000|100%| E|CS|TAMS 0x000000008a700000, 0x000000008a700000| Complete 
| 118|0x000000008a800000, 0x000000008a900000, 0x000000008a900000|100%| E|CS|TAMS 0x000000008a800000, 0x000000008a800000| Complete 
| 119|0x000000008a900000, 0x000000008aa00000, 0x000000008aa00000|100%| E|CS|TAMS 0x000000008a900000, 0x000000008a900000| Complete 
| 120|0x000000008aa00000, 0x000000008ab00000, 0x000000008ab00000|100%| E|CS|TAMS 0x000000008aa00000, 0x000000008aa00000| Complete 
| 121|0x000000008ab00000, 0x000000008ac00000, 0x000000008ac00000|100%| E|CS|TAMS 0x000000008ab00000, 0x000000008ab00000| Complete 
| 122|0x000000008ac00000, 0x000000008ad00000, 0x000000008ad00000|100%| E|  |TAMS 0x000000008ac00000, 0x000000008ac00000| Complete 
| 123|0x000000008ad00000, 0x000000008ae00000, 0x000000008ae00000|100%| E|CS|TAMS 0x000000008ad00000, 0x000000008ad00000| Complete 
| 124|0x000000008ae00000, 0x000000008af00000, 0x000000008af00000|100%| E|CS|TAMS 0x000000008ae00000, 0x000000008ae00000| Complete 
| 125|0x000000008af00000, 0x000000008b000000, 0x000000008b000000|100%| E|CS|TAMS 0x000000008af00000, 0x000000008af00000| Complete 

Card table byte_map: [0x0000018cf4280000,0x0000018cf4670000] _byte_map_base: 0x0000018cf3e67000

Marking Bits (Prev, Next): (CMBitMap*) 0x0000018cec41cc20, (CMBitMap*) 0x0000018cec41cc60
 Prev Bits: [0x0000018cf4a60000, 0x0000018cf6998000)
 Next Bits: [0x0000018cf69a0000, 0x0000018cf88d8000)

Polling page: 0x0000018cea580000

Metaspace:

Usage:
  Non-class:      1.29 MB used.
      Class:    133.93 KB used.
       Both:      1.42 MB used.

Virtual space:
  Non-class space:        8.00 MB reserved,       1.38 MB ( 17%) committed,  1 nodes.
      Class space:        1.00 GB reserved,     256.00 KB ( <1%) committed,  1 nodes.
              Both:        1.01 GB reserved,       1.62 MB ( <1%) committed. 

Chunk freelists:
   Non-Class:  3.60 MB
       Class:  3.67 MB
        Both:  7.27 MB

MaxMetaspaceSize: 17179869184.00 GB
CompressedClassSpaceSize: 1.00 GB
 - commit_granule_bytes: 65536.
 - commit_granule_words: 8192.
 - virtual_space_node_default_size: 1048576.
 - enlarge_chunks_in_place: 1.
 - new_chunks_are_fully_committed: 0.
 - uncommit_free_chunks: 1.
 - use_allocation_guard: 0.
 - handle_deallocations: 1.


Internal statistics:

num_allocs_failed_limit: 0.
num_arena_births: 50.
num_arena_deaths: 0.
num_vsnodes_births: 2.
num_vsnodes_deaths: 0.
num_space_committed: 26.
num_space_uncommitted: 0.
num_chunks_returned_to_freelist: 0.
num_chunks_taken_from_freelist: 85.
num_chunk_merges: 0.
num_chunk_splits: 51.
num_chunks_enlarged: 27.
num_purges: 0.

CodeHeap 'non-profiled nmethods': size=120000Kb used=196Kb max_used=196Kb free=119803Kb
 bounds [0x0000018c87ad0000, 0x0000018c87d40000, 0x0000018c8f000000]
CodeHeap 'profiled nmethods': size=120000Kb used=731Kb max_used=731Kb free=119268Kb
 bounds [0x0000018c805a0000, 0x0000018c80810000, 0x0000018c87ad0000]
CodeHeap 'non-nmethods': size=5760Kb used=1139Kb max_used=1156Kb free=4620Kb
 bounds [0x0000018c80000000, 0x0000018c80270000, 0x0000018c805a0000]
 total_blobs=985 nmethods=564 adapters=334
 compilation: enabled
              stopped_count=0, restarted_count=0
 full_count=0

Compilation events (20 events):
Event: 0.347 Thread 0x0000018cfb2dcfe0  489       3       java.lang.invoke.MethodHandle::<init> (37 bytes)
Event: 0.347 Thread 0x0000018cfb2dcfe0 nmethod 489 0x0000018c80634d10 code [0x0000018c80634f20, 0x0000018c80635498]
Event: 0.348 Thread 0x0000018cfb2dcfe0  493       3       java.lang.invoke.MemberName::getMethodOrFieldType (72 bytes)
Event: 0.349 Thread 0x0000018cfbdca7c0  496       4       java.lang.String::replace (42 bytes)
Event: 0.350 Thread 0x0000018cfb2dcfe0 nmethod 493 0x0000018c80635710 code [0x0000018c80635a40, 0x0000018c80636928]
Event: 0.350 Thread 0x0000018cfb2dcfe0  498       3       jdk.internal.org.objectweb.asm.Frame::execute (2305 bytes)
Event: 0.358 Thread 0x0000018cfb2dcfe0 nmethod 498 0x0000018c80636e90 code [0x0000018c80637dc0, 0x0000018c8063e838]
Event: 0.358 Thread 0x0000018cfb2dcfe0  505       3       java.lang.Number::<init> (5 bytes)
Event: 0.358 Thread 0x0000018cfb2dcfe0 nmethod 505 0x0000018c80640410 code [0x0000018c806405c0, 0x0000018c80640718]
Event: 0.358 Thread 0x0000018cfb2dcfe0  497       1       java.lang.invoke.LambdaForm$Name::index (5 bytes)
Event: 0.358 Thread 0x0000018cfb2dcfe0 nmethod 497 0x0000018c87afd090 code [0x0000018c87afd220, 0x0000018c87afd2f8]
Event: 0.358 Thread 0x0000018cfb2dcfe0  512       1       java.lang.invoke.LambdaForm$BasicType::basicTypeClass (5 bytes)
Event: 0.358 Thread 0x0000018cfb2dcfe0 nmethod 512 0x0000018c87afd390 code [0x0000018c87afd520, 0x0000018c87afd5f8]
Event: 0.358 Thread 0x0000018cfb2dcfe0  500   !   3       java.lang.invoke.MemberName$Factory::resolve (159 bytes)
Event: 0.359 Thread 0x0000018cfb2dcfe0 nmethod 500 0x0000018c80640810 code [0x0000018c80640a40, 0x0000018c80641148]
Event: 0.359 Thread 0x0000018cfb2dcfe0  514       3       java.util.ImmutableCollections$ListN::get (7 bytes)
Event: 0.359 Thread 0x0000018cfb2dcfe0 nmethod 514 0x0000018c80641490 code [0x0000018c80641620, 0x0000018c80641758]
Event: 0.360 Thread 0x0000018cfb2dcfe0  516       3       jdk.internal.org.objectweb.asm.MethodWriter::visitVarInsn (302 bytes)
Event: 0.361 Thread 0x0000018cfb2dcfe0 nmethod 516 0x0000018c80641810 code [0x0000018c80641a60, 0x0000018c80642408]
Event: 0.361 Thread 0x0000018cfb2dcfe0  517       3       java.lang.invoke.LambdaForm$Name::useCount (42 bytes)

GC Heap History (0 events):
No events

Deoptimization events (20 events):
Event: 0.215 Thread 0x0000018cec3dc560 DEOPT PACKING pc=0x0000018c805ddb56 sp=0x000000351f7fdb60
Event: 0.215 Thread 0x0000018cec3dc560 DEOPT UNPACKING pc=0x0000018c8004dece sp=0x000000351f7fcfe8 mode 0
Event: 0.215 Thread 0x0000018cec3dc560 DEOPT PACKING pc=0x0000018c805ddb56 sp=0x000000351f7fdb60
Event: 0.215 Thread 0x0000018cec3dc560 DEOPT UNPACKING pc=0x0000018c8004dece sp=0x000000351f7fcfe8 mode 0
Event: 0.216 Thread 0x0000018cec3dc560 DEOPT PACKING pc=0x0000018c805ddb56 sp=0x000000351f7fdb60
Event: 0.216 Thread 0x0000018cec3dc560 DEOPT UNPACKING pc=0x0000018c8004dece sp=0x000000351f7fcfe8 mode 0
Event: 0.224 Thread 0x0000018cec3dc560 DEOPT PACKING pc=0x0000018c805b2167 sp=0x000000351f7fdae0
Event: 0.224 Thread 0x0000018cec3dc560 DEOPT UNPACKING pc=0x0000018c8004dece sp=0x000000351f7fcf00 mode 0
Event: 0.239 Thread 0x0000018cec3dc560 Uncommon trap: trap_request=0xffffff45 fr.pc=0x0000018c87ae3e60 relative=0x00000000000006a0
Event: 0.239 Thread 0x0000018cec3dc560 Uncommon trap: reason=unstable_if action=reinterpret pc=0x0000018c87ae3e60 method=java.util.ImmutableCollections$SetN.probe(Ljava/lang/Object;)I @ 34 c2
Event: 0.239 Thread 0x0000018cec3dc560 DEOPT PACKING pc=0x0000018c87ae3e60 sp=0x000000351f7fead0
Event: 0.239 Thread 0x0000018cec3dc560 DEOPT UNPACKING pc=0x0000018c8004d72e sp=0x000000351f7fea70 mode 2
Event: 0.248 Thread 0x0000018cec3dc560 Uncommon trap: trap_request=0xffffff45 fr.pc=0x0000018c87ae64a8 relative=0x0000000000000468
Event: 0.248 Thread 0x0000018cec3dc560 Uncommon trap: reason=unstable_if action=reinterpret pc=0x0000018c87ae64a8 method=java.lang.StringLatin1.newString([BII)Ljava/lang/String; @ 1 c2
Event: 0.248 Thread 0x0000018cec3dc560 DEOPT PACKING pc=0x0000018c87ae64a8 sp=0x000000351f7fe920
Event: 0.248 Thread 0x0000018cec3dc560 DEOPT UNPACKING pc=0x0000018c8004d72e sp=0x000000351f7fe880 mode 2
Event: 0.249 Thread 0x0000018cec3dc560 Uncommon trap: trap_request=0xffffff45 fr.pc=0x0000018c87ae5618 relative=0x0000000000000378
Event: 0.249 Thread 0x0000018cec3dc560 Uncommon trap: reason=unstable_if action=reinterpret pc=0x0000018c87ae5618 method=java.lang.StringLatin1.newString([BII)Ljava/lang/String; @ 1 c2
Event: 0.249 Thread 0x0000018cec3dc560 DEOPT PACKING pc=0x0000018c87ae5618 sp=0x000000351f7fe8a0
Event: 0.249 Thread 0x0000018cec3dc560 DEOPT UNPACKING pc=0x0000018c8004d72e sp=0x000000351f7fe880 mode 2

Classes unloaded (0 events):
No events

Classes redefined (0 events):
No events

Internal exceptions (5 events):
Event: 0.130 Thread 0x0000018cec3dc560 Exception <a 'sun/nio/fs/WindowsException'{0x000000008ae68298}> (0x000000008ae68298) 
thrown [t:\workspace\open\src\hotspot\share\prims\jni.cpp, line 579]
Event: 0.130 Thread 0x0000018cec3dc560 Exception <a 'sun/nio/fs/WindowsException'{0x000000008ae686a8}> (0x000000008ae686a8) 
thrown [t:\workspace\open\src\hotspot\share\prims\jni.cpp, line 579]
Event: 0.289 Thread 0x0000018cec3dc560 Exception <a 'java/lang/NoSuchMethodError'{0x000000008a726008}: 'java.lang.Object java.lang.invoke.DirectMethodHandle$Holder.invokeStatic(java.lang.Object)'> (0x000000008a726008) 
thrown [t:\workspace\open\src\hotspot\share\interpreter\linkResolver.cpp, line 790]
Event: 0.290 Thread 0x0000018cec3dc560 Exception <a 'java/lang/NoSuchMethodError'{0x000000008a729918}: 'java.lang.Object java.lang.invoke.DirectMethodHandle$Holder.invokeStaticInit(java.lang.Object)'> (0x000000008a729918) 
thrown [t:\workspace\open\src\hotspot\share\interpreter\linkResolver.cpp, line 790]
Event: 0.293 Thread 0x0000018cec3dc560 Exception <a 'java/lang/NoSuchMethodError'{0x000000008a72ff60}: 'void java.lang.invoke.DirectMethodHandle$Holder.invokeStatic(java.lang.Object, java.lang.Object)'> (0x000000008a72ff60) 
thrown [t:\workspace\open\src\hotspot\share\interpreter\linkResolver.cpp, line 790]

Events (20 events):
Event: 0.340 loading class java/security/NoSuchAlgorithmException
Event: 0.340 loading class java/security/GeneralSecurityException
Event: 0.340 loading class java/security/GeneralSecurityException done
Event: 0.340 loading class java/security/NoSuchAlgorithmException done
Event: 0.342 loading class java/lang/StackWalker$Option
Event: 0.342 loading class java/lang/StackWalker$Option done
Event: 0.342 loading class java/lang/StackStreamFactory
Event: 0.342 loading class java/lang/StackStreamFactory done
Event: 0.342 loading class java/lang/StackStreamFactory$CallerClassFinder
Event: 0.342 loading class java/lang/StackStreamFactory$CallerClassFinder done
Event: 0.342 loading class java/lang/StackWalker$ExtendedOption
Event: 0.342 loading class java/lang/StackWalker$ExtendedOption done
Event: 0.342 loading class java/lang/StackStreamFactory$WalkerState
Event: 0.343 loading class java/lang/StackStreamFactory$WalkerState done
Event: 0.343 loading class java/lang/StackStreamFactory$1
Event: 0.343 loading class java/lang/StackStreamFactory$1 done
Event: 0.343 loading class java/lang/StackStreamFactory$CallerClassFinder$ClassBuffer
Event: 0.343 loading class java/lang/StackStreamFactory$FrameBuffer
Event: 0.343 loading class java/lang/StackStreamFactory$FrameBuffer done
Event: 0.343 loading class java/lang/StackStreamFactory$CallerClassFinder$ClassBuffer done


Dynamic libraries:
0x00007ff6050c0000 - 0x00007ff6050d0000 	C:\Program Files\Java\jdk-16.0.1\bin\javaw.exe
0x00007ffe171f0000 - 0x00007ffe173e5000 	C:\WINDOWS\SYSTEM32\ntdll.dll
0x00007ffe16f50000 - 0x00007ffe1700e000 	C:\WINDOWS\System32\KERNEL32.DLL
0x00007ffe14cb0000 - 0x00007ffe14f79000 	C:\WINDOWS\System32\KERNELBASE.dll
0x00007ffe150f0000 - 0x00007ffe151f0000 	C:\WINDOWS\System32\ucrtbase.dll
0x00007ffe00b40000 - 0x00007ffe00b58000 	C:\Program Files\Java\jdk-16.0.1\bin\jli.dll
0x00007ffdffc60000 - 0x00007ffdffc79000 	C:\Program Files\Java\jdk-16.0.1\bin\VCRUNTIME140.dll
0x00007ffe168b0000 - 0x00007ffe1695c000 	C:\WINDOWS\System32\ADVAPI32.dll
0x00007ffe15990000 - 0x00007ffe15a2e000 	C:\WINDOWS\System32\msvcrt.dll
0x00007ffe16800000 - 0x00007ffe1689b000 	C:\WINDOWS\System32\sechost.dll
0x00007ffe15800000 - 0x00007ffe1592a000 	C:\WINDOWS\System32\RPCRT4.dll
0x00007ffe16da0000 - 0x00007ffe16f41000 	C:\WINDOWS\System32\USER32.dll
0x00007ffe15090000 - 0x00007ffe150b2000 	C:\WINDOWS\System32\win32u.dll
0x00007ffdecbb0000 - 0x00007ffdece4a000 	C:\WINDOWS\WinSxS\amd64_microsoft.windows.common-controls_6595b64144ccf1df_6.0.19041.1110_none_60b5254171f9507e\COMCTL32.dll
0x00007ffe15720000 - 0x00007ffe1574b000 	C:\WINDOWS\System32\GDI32.dll
0x00007ffe14f80000 - 0x00007ffe1508b000 	C:\WINDOWS\System32\gdi32full.dll
0x00007ffe14910000 - 0x00007ffe149ad000 	C:\WINDOWS\System32\msvcp_win.dll
0x00007ffe0d9e0000 - 0x00007ffe0d9ea000 	C:\WINDOWS\SYSTEM32\VERSION.dll
0x00007ffe165b0000 - 0x00007ffe165e0000 	C:\WINDOWS\System32\IMM32.DLL
0x00007ffe00b30000 - 0x00007ffe00b3c000 	C:\Program Files\Java\jdk-16.0.1\bin\vcruntime140_1.dll
0x00007ffde54e0000 - 0x00007ffde5571000 	C:\Program Files\Java\jdk-16.0.1\bin\msvcp140.dll
0x00007ffdcaf30000 - 0x00007ffdcbadb000 	C:\Program Files\Java\jdk-16.0.1\bin\server\jvm.dll
0x00007ffe168a0000 - 0x00007ffe168a8000 	C:\WINDOWS\System32\PSAPI.DLL
0x00007ffe046b0000 - 0x00007ffe046b9000 	C:\WINDOWS\SYSTEM32\WSOCK32.dll
0x00007ffdfd140000 - 0x00007ffdfd167000 	C:\WINDOWS\SYSTEM32\WINMM.dll
0x00007ffe162b0000 - 0x00007ffe1631b000 	C:\WINDOWS\System32\WS2_32.dll
0x00007ffe13190000 - 0x00007ffe131a2000 	C:\WINDOWS\SYSTEM32\kernel.appcore.dll
0x00007ffdff8b0000 - 0x00007ffdff8ba000 	C:\Program Files\Java\jdk-16.0.1\bin\jimage.dll
0x00007ffe127b0000 - 0x00007ffe12994000 	C:\WINDOWS\SYSTEM32\DBGHELP.DLL
0x00007ffe08ca0000 - 0x00007ffe08ccc000 	C:\WINDOWS\SYSTEM32\dbgcore.DLL
0x00007ffe149b0000 - 0x00007ffe14a33000 	C:\WINDOWS\System32\bcryptPrimitives.dll
0x00007ffdfee30000 - 0x00007ffdfee55000 	C:\Program Files\Java\jdk-16.0.1\bin\java.dll
0x00007ffe15b70000 - 0x00007ffe162af000 	C:\WINDOWS\System32\SHELL32.dll
0x00007ffe129f0000 - 0x00007ffe13180000 	C:\WINDOWS\SYSTEM32\windows.storage.dll
0x00007ffe16960000 - 0x00007ffe16cb5000 	C:\WINDOWS\System32\combase.dll
0x00007ffe14290000 - 0x00007ffe142bc000 	C:\WINDOWS\SYSTEM32\Wldp.dll
0x00007ffe15750000 - 0x00007ffe157fd000 	C:\WINDOWS\System32\SHCORE.dll
0x00007ffe167a0000 - 0x00007ffe167f5000 	C:\WINDOWS\System32\shlwapi.dll
0x00007ffe14850000 - 0x00007ffe1486f000 	C:\WINDOWS\SYSTEM32\profapi.dll
0x00007ffdff4f0000 - 0x00007ffdff509000 	C:\Program Files\Java\jdk-16.0.1\bin\net.dll
0x00007ffe063d0000 - 0x00007ffe064d8000 	C:\WINDOWS\SYSTEM32\WINHTTP.dll
0x00007ffe13ff0000 - 0x00007ffe1405a000 	C:\WINDOWS\system32\mswsock.dll
0x00007ffdfec10000 - 0x00007ffdfec23000 	C:\Program Files\Java\jdk-16.0.1\bin\nio.dll
0x00007ffdfeb60000 - 0x00007ffdfeb78000 	C:\Program Files\Java\jdk-16.0.1\bin\zip.dll
0x0000018cec3a0000 - 0x0000018cec3a3000 	C:\javafx-sdk-16\bin\api-ms-win-core-console-l1-1-0.dll
0x0000018cec3b0000 - 0x0000018cec3b3000 	C:\javafx-sdk-16\bin\api-ms-win-core-console-l1-2-0.dll
0x0000018cfd7d0000 - 0x0000018cfd7d3000 	C:\javafx-sdk-16\bin\api-ms-win-core-datetime-l1-1-0.dll
0x0000018cfd7e0000 - 0x0000018cfd7e3000 	C:\javafx-sdk-16\bin\api-ms-win-core-debug-l1-1-0.dll
0x0000018cfd7f0000 - 0x0000018cfd7f3000 	C:\javafx-sdk-16\bin\api-ms-win-core-errorhandling-l1-1-0.dll
0x0000018cfd800000 - 0x0000018cfd804000 	C:\javafx-sdk-16\bin\api-ms-win-core-file-l1-1-0.dll
0x0000018cfd810000 - 0x0000018cfd813000 	C:\javafx-sdk-16\bin\api-ms-win-core-file-l1-2-0.dll
0x0000018cfd820000 - 0x0000018cfd823000 	C:\javafx-sdk-16\bin\api-ms-win-core-file-l2-1-0.dll
0x0000018cfd830000 - 0x0000018cfd833000 	C:\javafx-sdk-16\bin\api-ms-win-core-handle-l1-1-0.dll
0x0000018cfd840000 - 0x0000018cfd843000 	C:\javafx-sdk-16\bin\api-ms-win-core-heap-l1-1-0.dll
0x0000018cfd850000 - 0x0000018cfd853000 	C:\javafx-sdk-16\bin\api-ms-win-core-interlocked-l1-1-0.dll
0x0000018cfd860000 - 0x0000018cfd863000 	C:\javafx-sdk-16\bin\api-ms-win-core-libraryloader-l1-1-0.dll
0x0000018cfd870000 - 0x0000018cfd873000 	C:\javafx-sdk-16\bin\api-ms-win-core-localization-l1-2-0.dll
0x0000018cfd880000 - 0x0000018cfd883000 	C:\javafx-sdk-16\bin\api-ms-win-core-memory-l1-1-0.dll
0x0000018cfd890000 - 0x0000018cfd893000 	C:\javafx-sdk-16\bin\api-ms-win-core-namedpipe-l1-1-0.dll
0x0000018cfd8a0000 - 0x0000018cfd8a3000 	C:\javafx-sdk-16\bin\api-ms-win-core-processenvironment-l1-1-0.dll
0x0000018cfd8b0000 - 0x0000018cfd8b3000 	C:\javafx-sdk-16\bin\api-ms-win-core-processthreads-l1-1-0.dll
0x0000018cfd8c0000 - 0x0000018cfd8c3000 	C:\javafx-sdk-16\bin\api-ms-win-core-processthreads-l1-1-1.dll
0x0000018cfd8d0000 - 0x0000018cfd8d3000 	C:\javafx-sdk-16\bin\api-ms-win-core-profile-l1-1-0.dll
0x0000018cfd8e0000 - 0x0000018cfd8e3000 	C:\javafx-sdk-16\bin\api-ms-win-core-rtlsupport-l1-1-0.dll
0x0000018cfd8f0000 - 0x0000018cfd8f3000 	C:\javafx-sdk-16\bin\api-ms-win-core-string-l1-1-0.dll
0x0000018cfd900000 - 0x0000018cfd903000 	C:\javafx-sdk-16\bin\api-ms-win-core-synch-l1-1-0.dll
0x0000018cfd910000 - 0x0000018cfd913000 	C:\javafx-sdk-16\bin\api-ms-win-core-synch-l1-2-0.dll
0x0000018cfd920000 - 0x0000018cfd923000 	C:\javafx-sdk-16\bin\api-ms-win-core-sysinfo-l1-1-0.dll
0x0000018cfd930000 - 0x0000018cfd933000 	C:\javafx-sdk-16\bin\api-ms-win-core-timezone-l1-1-0.dll
0x0000018cfd940000 - 0x0000018cfd943000 	C:\javafx-sdk-16\bin\api-ms-win-core-util-l1-1-0.dll
0x0000018cfd950000 - 0x0000018cfd953000 	C:\javafx-sdk-16\bin\api-ms-win-crt-conio-l1-1-0.dll
0x0000018cfd960000 - 0x0000018cfd964000 	C:\javafx-sdk-16\bin\api-ms-win-crt-convert-l1-1-0.dll
0x0000018cfd970000 - 0x0000018cfd973000 	C:\javafx-sdk-16\bin\api-ms-win-crt-environment-l1-1-0.dll

dbghelp: loaded successfully - version: 4.0.5 - missing functions: none
symbol engine: initialized successfully - sym options: 0x614 - pdb path: .;C:\Program Files\Java\jdk-16.0.1\bin;C:\WINDOWS\SYSTEM32;C:\WINDOWS\WinSxS\amd64_microsoft.windows.common-controls_6595b64144ccf1df_6.0.19041.1110_none_60b5254171f9507e;C:\Program Files\Java\jdk-16.0.1\bin\server;C:\javafx-sdk-16\bin

VM Arguments:
jvm_args: --module-path=C:\javafx-sdk-16\lib --add-modules=javafx.controls -Dfile.encoding=UTF-8 -XX:+ShowCodeDetailsInExceptionMessages 
java_command: CardGameView
java_class_path (initial): C:\javafx-sdk-16\lib\javafx.base.jar;C:\javafx-sdk-16\lib\javafx.controls.jar;C:\javafx-sdk-16\lib\javafx.fxml.jar;C:\javafx-sdk-16\lib\javafx.graphics.jar;C:\javafx-sdk-16\lib\javafx.media.jar;C:\javafx-sdk-16\lib\javafx.swing.jar;C:\javafx-sdk-16\lib\javafx.web.jar;C:\javafx-sdk-16\lib\javafx-swt.jar;C:\Users\thswl\OneDrive\바탕 화면\2021-2\객체지향개발론및실습\실습\Template-CardGame-PlayVersion-Lab\bin;C:\Users\thswl\.p2\pool\plugins\org.junit.jupiter.api_5.7.1.v20210222-1948.jar;C:\Users\thswl\.p2\pool\plugins\org.junit.jupiter.engine_5.7.1.v20210222-1948.jar;C:\Users\thswl\.p2\pool\plugins\org.junit.jupiter.migrationsupport_5.7.1.v20210222-1948.jar;C:\Users\thswl\.p2\pool\plugins\org.junit.jupiter.params_5.7.1.v20210222-1948.jar;C:\Users\thswl\.p2\pool\plugins\org.junit.platform.commons_1.7.1.v20210222-1948.jar;C:\Users\thswl\.p2\pool\plugins\org.junit.platform.engine_1.7.1.v20210222-1948.jar;C:\Users\thswl\.p2\pool\plugins\org.junit.platform.launcher_1.7.1.v20210222-1948.jar;C:\Users\thswl\.p2\pool\plugins\org.junit.platform.runner_1.7.1.v20210222-1948.jar;C:\Users\thswl\.p2\pool\plugins\org.junit.platform.suite.api_1.7.1.v20210222-1948.jar;C:\Users\thswl\.p2\pool\plugins\org.junit.vintage.engine_5.7.1.v20210222-1948.jar;C:\Users\thswl\.p2\pool\plugins\org.opentest4j_1.2.0.v20190826-0900.jar;C:\Users\thswl\.p2\pool\plugins\org.apiguardian_1.1.0.v20190826-0900.jar;C:\Users\thswl\.p2\pool\plugins\org.junit_4.13.0.v20200204-1500.jar;C:\Users\thswl\.p2\pool\plugins\org.hamcrest.core_1.3.0.v20180420-1519.jar
Launcher Type: SUN_STANDARD

[Global flags]
     intx CICompilerCount                          = 4                                         {product} {ergonomic}
     uint ConcGCThreads                            = 2                                         {product} {ergonomic}
     uint G1ConcRefinementThreads                  = 8                                         {product} {ergonomic}
   size_t G1HeapRegionSize                         = 1048576                                   {product} {ergonomic}
    uintx GCDrainStackTargetSize                   = 64                                        {product} {ergonomic}
   size_t InitialHeapSize                          = 132120576                                 {product} {ergonomic}
   size_t MarkStackSize                            = 4194304                                   {product} {ergonomic}
   size_t MaxHeapSize                              = 2095054848                                {product} {ergonomic}
   size_t MaxNewSize                               = 1256194048                                {product} {ergonomic}
   size_t MinHeapDeltaBytes                        = 1048576                                   {product} {ergonomic}
   size_t MinHeapSize                              = 8388608                                   {product} {ergonomic}
    uintx NonNMethodCodeHeapSize                   = 5839372                                {pd product} {ergonomic}
    uintx NonProfiledCodeHeapSize                  = 122909434                              {pd product} {ergonomic}
    uintx ProfiledCodeHeapSize                     = 122909434                              {pd product} {ergonomic}
    uintx ReservedCodeCacheSize                    = 251658240                              {pd product} {ergonomic}
     bool SegmentedCodeCache                       = true                                      {product} {ergonomic}
     bool ShowCodeDetailsInExceptionMessages       = true                                   {manageable} {command line}
   size_t SoftMaxHeapSize                          = 2095054848                             {manageable} {ergonomic}
     bool UseCompressedClassPointers               = true                           {product lp64_product} {ergonomic}
     bool UseCompressedOops                        = true                           {product lp64_product} {ergonomic}
     bool UseG1GC                                  = true                                      {product} {ergonomic}
     bool UseLargePagesIndividualAllocation        = false                                  {pd product} {ergonomic}

Logging:
Log output configuration:
 #0: stdout all=warning uptime,level,tags
 #1: stderr all=off uptime,level,tags

Environment Variables:
JAVA_HOME=C:\Program Files\Java\jdk-16.0.1
CLASSPATH=C:\Program Files\Java\jdk-16.0.1\lib
PATH=C:/Program Files/Java/jdk-16.0.1/bin/server;C:/Program Files/Java/jdk-16.0.1/bin;C:\app\thswl\product\18.0.0\dbhomeXE\bin;C:\Program Files\Common Files\Oracle\Java\javapath;C:\Program Files (x86)\Intel\Intel(R) Management Engine Components\iCLS\;C:\Program Files\Intel\Intel(R) Management Engine Components\iCLS\;C:\WINDOWS\system32;C:\WINDOWS;C:\WINDOWS\System32\Wbem;C:\WINDOWS\System32\WindowsPowerShell\v1.0\;C:\WINDOWS\System32\OpenSSH\;C:\Program Files (x86)\Intel\Intel(R) Management Engine Components\DAL;C:\Program Files\Intel\Intel(R) Management Engine Components\DAL;C:\Program Files\Java\jdk-16.0.1\bin;C:\Program Files\Git\cmd;C:\Program Files\nodejs\;C:\ProgramData\chocolatey\bin;C:\Users\thswl\AppData\Local\Programs\Python\Python39\Scripts\;C:\Users\thswl\AppData\Local\Programs\Python\Python39\;C:\Users\thswl\AppData\Local\Microsoft\WindowsApps;C:\Users\thswl\AppData\Local\Programs\Microsoft VS Code\bin;C:\Users\thswl\AppData\Local\GitHubDesktop\bin;C:\Users\thswl\AppData\Roaming\npm;C:\Program Files\JetBrains\PyCharm Community Edition 2021.1.3\bin;;;C:\WINDOWS\system32;
USERNAME=thswl
OS=Windows_NT
PROCESSOR_IDENTIFIER=Intel64 Family 6 Model 142 Stepping 11, GenuineIntel



---------------  S Y S T E M  ---------------

OS:
 Windows 10 , 64 bit Build 19041 (10.0.19041.1202)
OS uptime: 0 days 4:00 hours

CPU: total 8 (initial active 8) (4 cores per cpu, 2 threads per core) family 6 model 142 stepping 11 microcode 0xae, cx8, cmov, fxsr, ht, mmx, 3dnowpref, sse, sse2, sse3, ssse3, sse4.1, sse4.2, popcnt, lzcnt, tsc, tscinvbit, avx, avx2, aes, erms, clmul, bmi1, bmi2, adx, fma, vzeroupper, clflush, clflushopt

Memory: 4k page, system-wide physical 7986M (521M free)
TotalPageFile size 7986M (AvailPageFile size 5M)
current process WorkingSet (physical memory assigned to process): 55M, peak: 55M
current process commit charge ("private bytes"): 221M, peak: 221M

vm_info: Java HotSpot(TM) 64-Bit Server VM (16.0.1+9-24) for windows-amd64 JRE (16.0.1+9-24), built on Mar 26 2021 19:31:42 by "mach5one" with MS VC++ 16.7 (VS2019)

END.
